/usr/local/lib/python2.7/dist-packages/pkg_resources.py:1032: UserWarning: /home/ubuntu/.python-eggs is writable by group/others and vulnerable to attack when used with get_resource_filename. Consider a more secure location (set with .set_extraction_path or the PYTHON_EGG_CACHE environment variable).
  warnings.warn(msg, UserWarning)
Using gpu device 0: GRID K520
[set([]), set([0]), set([1]), set([2]), set([3]), set([4]), set([0, 1]), set([0, 2]), set([0, 3]), set([0, 4]), set([1, 2]), set([1, 3]), set([1, 4]), set([2, 3]), set([2, 4]), set([3, 4]), set([0, 1, 2]), set([0, 1, 3]), set([0, 1, 4]), set([0, 2, 3]), set([0, 2, 4]), set([0, 3, 4]), set([1, 2, 3]), set([1, 2, 4]), set([1, 3, 4]), set([2, 3, 4]), set([0, 1, 2, 3]), set([0, 1, 2, 4]), set([0, 1, 3, 4]), set([0, 2, 3, 4]), set([1, 2, 3, 4]), set([0, 1, 2, 3, 4])]
[{32768: 32768, 16384: 16384, 4096: 4096, 8192: 8192}, {32768: 32768, 16384: 16384, 4096: 8192, 8192: 4096}, {32768: 32768, 16384: 8192, 4096: 4096, 8192: 16384}, {32768: 32768, 16384: 8192, 4096: 16384, 8192: 4096}, {32768: 32768, 16384: 4096, 4096: 8192, 8192: 16384}, {32768: 32768, 16384: 4096, 4096: 16384, 8192: 8192}, {32768: 16384, 16384: 32768, 4096: 4096, 8192: 8192}, {32768: 16384, 16384: 32768, 4096: 8192, 8192: 4096}, {32768: 16384, 16384: 8192, 4096: 4096, 8192: 32768}, {32768: 16384, 16384: 8192, 4096: 32768, 8192: 4096}, {32768: 16384, 16384: 4096, 4096: 8192, 8192: 32768}, {32768: 16384, 16384: 4096, 4096: 32768, 8192: 8192}, {32768: 8192, 16384: 32768, 4096: 4096, 8192: 16384}, {32768: 8192, 16384: 32768, 4096: 16384, 8192: 4096}, {32768: 8192, 16384: 16384, 4096: 4096, 8192: 32768}, {32768: 8192, 16384: 16384, 4096: 32768, 8192: 4096}, {32768: 8192, 16384: 4096, 4096: 16384, 8192: 32768}, {32768: 8192, 16384: 4096, 4096: 32768, 8192: 16384}, {32768: 4096, 16384: 32768, 4096: 8192, 8192: 16384}, {32768: 4096, 16384: 32768, 4096: 16384, 8192: 8192}, {32768: 4096, 16384: 16384, 4096: 8192, 8192: 32768}, {32768: 4096, 16384: 16384, 4096: 32768, 8192: 8192}, {32768: 4096, 16384: 8192, 4096: 16384, 8192: 32768}, {32768: 4096, 16384: 8192, 4096: 32768, 8192: 16384}]
['0: set([])', '1: set([0])', '2: set([1])', '3: set([2])', '4: set([3])', '5: set([4])', '6: set([0, 1])', '7: set([0, 2])', '8: set([0, 3])', '9: set([0, 4])', '10: set([1, 2])', '11: set([1, 3])', '12: set([1, 4])', '13: set([2, 3])', '14: set([2, 4])', '15: set([3, 4])', '16: set([0, 1, 2])', '17: set([0, 1, 3])', '18: set([0, 1, 4])', '19: set([0, 2, 3])', '20: set([0, 2, 4])', '21: set([0, 3, 4])', '22: set([1, 2, 3])', '23: set([1, 2, 4])', '24: set([1, 3, 4])', '25: set([2, 3, 4])', '26: set([0, 1, 2, 3])', '27: set([0, 1, 2, 4])', '28: set([0, 1, 3, 4])', '29: set([0, 2, 3, 4])', '30: set([1, 2, 3, 4])', '31: set([0, 1, 2, 3, 4])']
Loading data...
About to load up to 120000 items of data, for training format deuce_events
CSV key['hand', 'draws_left', 'best_draw', 'hand_after', 'bet_model', 'value_heuristic', 'position', 'num_cards_kept', 'num_opponent_kept', 'action', 'pot_size', 'bet_size', 'pot_odds', 'bet_this_hand', 'actions_this_round', 'actions_full_hand', 'total_bet', 'result', 'margin_bet', 'margin_result']

Loaded 0 hands...

['[Ts,2d,7c,Kd,6h]', '3', '', '', 'CNN', '0.456318', '1', '0', '0', 'raise_small', '150.0', '150.0', '1.0', '50.0', '', '', '500.0', '800.0', '450.0', '350.0']
(26, 17, 17)
1
[ 0.  1.  0.  0.  1.  0.  0.  0.  0.  0.  0.  0.  0.  0.  0.  0.  0.  0.
  0.  0.  0.  0.  0.  0.  0.  0.  0.  0.  0.  0.  0.  0.]
[ 0.    2.35  0.    0.    2.    0.    0.    0.    0.    0.    0.    0.    0.
  0.    0.    0.    0.    0.    0.    0.    0.    0.    0.    0.    0.    0.
  0.    0.    0.    0.    0.    0.  ]

Loaded 5000 hands...

['[3h,4c,6c,2d,2s]', '2', '', '', 'sim', '0.468464', '1', '4', '3', 'call_small', '500.0', '100.0', '5.0', '200.0', '1', '101', '300.0', '0.0', '100.0', '-100.0']
(26, 17, 17)
3
[ 0.  0.  0.  1.  1.  0.  0.  0.  0.  0.  0.  0.  0.  0.  0.  0.  0.  0.
  0.  0.  0.  0.  0.  0.  0.  0.  0.  0.  0.  0.  0.  0.]
[ 0.   0.   0.   1.9  2.   0.   0.   0.   0.   0.   0.   0.   0.   0.   0.
  0.   0.   0.   0.   0.   0.   0.   0.   0.   0.   0.   0.   0.   0.   0.
  0.   0. ]
Read 10000 lines

Loaded 10000 hands...

['[7s,9d,6c,8c,Jh]', '2', '', '', 'CNN', '0.270379', '0', '2', '3', 'FOLD', '1300.0', '0', '0.0', '600.0', '1111', '1101111', '600.0', '0.0', '0.0', '0.0']
(26, 17, 17)
4
[ 0.  0.  0.  0.  1.  0.  0.  0.  0.  0.  0.  0.  0.  0.  0.  0.  0.  0.
  0.  0.  0.  0.  0.  0.  0.  0.  0.  0.  0.  0.  0.  0.]
[ 0.  0.  0.  0.  2.  0.  0.  0.  0.  0.  0.  0.  0.  0.  0.  0.  0.  0.
  0.  0.  0.  0.  0.  0.  0.  0.  0.  0.  0.  0.  0.  0.]
Read 20000 lines

Loaded 15000 hands...

['[8s,6s,5s,2h,9c]', '2', '', '', 'sim', '0.5203', '1', '4', '4', 'FOLD', '1300.0', '0', '0.0', '600.0', '111', '1110111', '600.0', '0.0', '0.0', '0.0']
(26, 17, 17)
4
[ 0.  0.  0.  0.  1.  0.  0.  0.  0.  0.  0.  0.  0.  0.  0.  0.  0.  0.
  0.  0.  0.  0.  0.  0.  0.  0.  0.  0.  0.  0.  0.  0.]
[ 0.  0.  0.  0.  2.  0.  0.  0.  0.  0.  0.  0.  0.  0.  0.  0.  0.  0.
  0.  0.  0.  0.  0.  0.  0.  0.  0.  0.  0.  0.  0.  0.]
Read 30000 lines

Loaded 20000 hands...

['[5s,2s,7h,6s,2h]', '1', '', '', 'sim', '0.304757', '1', '4', '4', 'FOLD', '1000.0', '0', '0.0', '400.0', '1', '110101', '400.0', '0.0', '0.0', '0.0']
(26, 17, 17)
4
[ 0.  0.  0.  0.  1.  0.  0.  0.  0.  0.  0.  0.  0.  0.  0.  0.  0.  0.
  0.  0.  0.  0.  0.  0.  0.  0.  0.  0.  0.  0.  0.  0.]
[ 0.  0.  0.  0.  2.  0.  0.  0.  0.  0.  0.  0.  0.  0.  0.  0.  0.  0.
  0.  0.  0.  0.  0.  0.  0.  0.  0.  0.  0.  0.  0.  0.]
Read 40000 lines

Loaded 25000 hands...

['[5d,8s,Th,7c,7d]', '2', '', '', 'CNN', '0.281521', '1', '2', '2', 'call_small', '500.0', '100.0', '5.0', '200.0', '1', '101', '700.0', '0.0', '500.0', '-500.0']
(26, 17, 17)
3
[ 0.  0.  0.  1.  1.  0.  0.  0.  0.  0.  0.  0.  0.  0.  0.  0.  0.  0.
  0.  0.  0.  0.  0.  0.  0.  0.  0.  0.  0.  0.  0.  0.]
[ 0.   0.   0.   1.5  2.   0.   0.   0.   0.   0.   0.   0.   0.   0.   0.
  0.   0.   0.   0.   0.   0.   0.   0.   0.   0.   0.   0.   0.   0.   0.
  0.   0. ]
Read 50000 lines

Loaded 30000 hands...

['[4c,7h,5s,6c,5d]', '3', '', '', 'sim', '0.487591', '1', '0', '0', 'raise_small', '150.0', '150.0', '1.0', '50.0', '', '', '200.0', '0.0', '150.0', '-150.0']
(26, 17, 17)
1
[ 0.  1.  0.  0.  1.  0.  0.  0.  0.  0.  0.  0.  0.  0.  0.  0.  0.  0.
  0.  0.  0.  0.  0.  0.  0.  0.  0.  0.  0.  0.  0.  0.]
[ 0.    1.85  0.    0.    2.    0.    0.    0.    0.    0.    0.    0.    0.
  0.    0.    0.    0.    0.    0.    0.    0.    0.    0.    0.    0.    0.
  0.    0.    0.    0.    0.    0.  ]
Read 60000 lines

Loaded 35000 hands...

['[9d,7d,4d,2d,8s]', '1', '', '', 'sim', '0.457278', '0', '4', '4', 'bet_big', '800.0', '200.0', '4.0', '400.0', '', '10110', '600.0', '1000.0', '200.0', '800.0']
(26, 17, 17)
0
[ 1.  0.  0.  0.  1.  0.  0.  0.  0.  0.  0.  0.  0.  0.  0.  0.  0.  0.
  0.  0.  0.  0.  0.  0.  0.  0.  0.  0.  0.  0.  0.  0.]
[ 2.8  0.   0.   0.   2.   0.   0.   0.   0.   0.   0.   0.   0.   0.   0.
  0.   0.   0.   0.   0.   0.   0.   0.   0.   0.   0.   0.   0.   0.   0.
  0.   0. ]
Read 70000 lines

Loaded 40000 hands...

['[Ts,5c,Qh,As,6s]', '3', '', '', 'sim', '0.344433', '1', '0', '0', 'raise_small', '150.0', '150.0', '1.0', '50.0', '', '', '400.0', '0.0', '350.0', '-350.0']
(26, 17, 17)
1
[ 0.  1.  0.  0.  1.  0.  0.  0.  0.  0.  0.  0.  0.  0.  0.  0.  0.  0.
  0.  0.  0.  0.  0.  0.  0.  0.  0.  0.  0.  0.  0.  0.]
[ 0.    1.65  0.    0.    2.    0.    0.    0.    0.    0.    0.    0.    0.
  0.    0.    0.    0.    0.    0.    0.    0.    0.    0.    0.    0.    0.
  0.    0.    0.    0.    0.    0.  ]
Read 80000 lines

Loaded 45000 hands...

['[8c,7c,3c,5h,Qc]', '2', '', '', 'sim', '0.416467', '0', '1', '3', 'call_small', '1100.0', '100.0', '11.0', '500.0', '1111', '0101111', '800.0', '1600.0', '300.0', '1300.0']
(26, 17, 17)
3
[ 0.  0.  0.  1.  1.  0.  0.  0.  0.  0.  0.  0.  0.  0.  0.  0.  0.  0.
  0.  0.  0.  0.  0.  0.  0.  0.  0.  0.  0.  0.  0.  0.]
[ 0.   0.   0.   3.3  2.   0.   0.   0.   0.   0.   0.   0.   0.   0.   0.
  0.   0.   0.   0.   0.   0.   0.   0.   0.   0.   0.   0.   0.   0.   0.
  0.   0. ]

Loaded 50000 hands...

['[4c,3h,9d,As,3d]', '2', '', '', 'sim', '0.286924', '1', '3', '3', 'call_small', '900.0', '100.0', '9.0', '400.0', '1', '11101', '1100.0', '2200.0', '700.0', '1500.0']
(26, 17, 17)
3
[ 0.  0.  0.  1.  1.  0.  0.  0.  0.  0.  0.  0.  0.  0.  0.  0.  0.  0.
  0.  0.  0.  0.  0.  0.  0.  0.  0.  0.  0.  0.  0.  0.]
[ 0.   0.   0.   3.5  2.   0.   0.   0.   0.   0.   0.   0.   0.   0.   0.
  0.   0.   0.   0.   0.   0.   0.   0.   0.   0.   0.   0.   0.   0.   0.
  0.   0. ]
Read 90000 lines

Loaded 55000 hands...

['[Qc,2s,7h,Jc,7d]', '3', '', '', 'CNN', '0.402792', '0', '0', '0', 'raise_small', '200.0', '100.0', '2.0', '100.0', '0', '0', '200.0', '300.0', '100.0', '200.0']
(26, 17, 17)
1
[ 0.  1.  0.  0.  1.  0.  0.  0.  0.  0.  0.  0.  0.  0.  0.  0.  0.  0.
  0.  0.  0.  0.  0.  0.  0.  0.  0.  0.  0.  0.  0.  0.]
[ 0.   2.2  0.   0.   2.   0.   0.   0.   0.   0.   0.   0.   0.   0.   0.
  0.   0.   0.   0.   0.   0.   0.   0.   0.   0.   0.   0.   0.   0.   0.
  0.   0. ]
Read 100000 lines

Loaded 60000 hands...

['[8h,7d,2d,3d,Jh]', '1', '', '', 'sim', '0.269539', '1', '4', '4', 'FOLD', '1000.0', '0', '0.0', '400.0', '1', '110101', '400.0', '0.0', '0.0', '0.0']
(26, 17, 17)
4
[ 0.  0.  0.  0.  1.  0.  0.  0.  0.  0.  0.  0.  0.  0.  0.  0.  0.  0.
  0.  0.  0.  0.  0.  0.  0.  0.  0.  0.  0.  0.  0.  0.]
[ 0.  0.  0.  0.  2.  0.  0.  0.  0.  0.  0.  0.  0.  0.  0.  0.  0.  0.
  0.  0.  0.  0.  0.  0.  0.  0.  0.  0.  0.  0.  0.  0.]
Read 110000 lines

Loaded 65000 hands...

['[5c,4s,7d,Kc,6h]', '1', '', '', 'CNN', '0.241875', '1', '3', '3', 'bet_big', '1000.0', '200.0', '5.0', '500.0', '0', '11100100', '700.0', '0.0', '200.0', '-200.0']
(26, 17, 17)
0
[ 1.  0.  0.  0.  1.  0.  0.  0.  0.  0.  0.  0.  0.  0.  0.  0.  0.  0.
  0.  0.  0.  0.  0.  0.  0.  0.  0.  0.  0.  0.  0.  0.]
[ 1.8  0.   0.   0.   2.   0.   0.   0.   0.   0.   0.   0.   0.   0.   0.
  0.   0.   0.   0.   0.   0.   0.   0.   0.   0.   0.   0.   0.   0.   0.
  0.   0. ]
Read 120000 lines

Loaded 70000 hands...

['[9s,2d,7d,Ad,Kd]', '1', '', '', 'CNN', '0.15635', '0', '3', '4', 'call_big', '400.0', '200.0', '2.0', '100.0', '01', '000001', '500.0', '0.0', '400.0', '-400.0']
(26, 17, 17)
3
[ 0.  0.  0.  1.  1.  0.  0.  0.  0.  0.  0.  0.  0.  0.  0.  0.  0.  0.
  0.  0.  0.  0.  0.  0.  0.  0.  0.  0.  0.  0.  0.  0.]
[ 0.   0.   0.   1.6  2.   0.   0.   0.   0.   0.   0.   0.   0.   0.   0.
  0.   0.   0.   0.   0.   0.   0.   0.   0.   0.   0.   0.   0.   0.   0.
  0.   0. ]
Read 130000 lines

Loaded 75000 hands...

['[6h,8h,3s,8s,Tc]', '1', '', '', 'sim', '0.172751', '1', '3', '4', 'FOLD', '1000.0', '0', '0.0', '400.0', '1', '110101', '400.0', '0.0', '0.0', '0.0']
(26, 17, 17)
4
[ 0.  0.  0.  0.  1.  0.  0.  0.  0.  0.  0.  0.  0.  0.  0.  0.  0.  0.
  0.  0.  0.  0.  0.  0.  0.  0.  0.  0.  0.  0.  0.  0.]
[ 0.  0.  0.  0.  2.  0.  0.  0.  0.  0.  0.  0.  0.  0.  0.  0.  0.  0.
  0.  0.  0.  0.  0.  0.  0.  0.  0.  0.  0.  0.  0.  0.]
Read 140000 lines

Loaded 80000 hands...

['[6h,2c,4c,3h,7c]', '0', '', '', 'CNN', '0.936241', '1', '5', '5', 'call_big', '1600.0', '200.0', '8.0', '700.0', '1', '1110010101', '900.0', '1800.0', '200.0', '1600.0']
(26, 17, 17)
3
[ 0.  0.  0.  1.  1.  0.  0.  0.  0.  0.  0.  0.  0.  0.  0.  0.  0.  0.
  0.  0.  0.  0.  0.  0.  0.  0.  0.  0.  0.  0.  0.  0.]
[ 0.   0.   0.   3.6  2.   0.   0.   0.   0.   0.   0.   0.   0.   0.   0.
  0.   0.   0.   0.   0.   0.   0.   0.   0.   0.   0.   0.   0.   0.   0.
  0.   0. ]
Read 150000 lines

Loaded 85000 hands...

['[5h,Ts,Qd,5s,5c]', '3', '', '', 'CNN', '0.320047', '0', '0', '0', 'call_small', '300.0', '100.0', '3.0', '100.0', '1', '1', '300.0', '500.0', '200.0', '300.0']
(26, 17, 17)
3
[ 0.  0.  0.  1.  1.  0.  0.  0.  0.  0.  0.  0.  0.  0.  0.  0.  0.  0.
  0.  0.  0.  0.  0.  0.  0.  0.  0.  0.  0.  0.  0.  0.]
[ 0.   0.   0.   2.3  2.   0.   0.   0.   0.   0.   0.   0.   0.   0.   0.
  0.   0.   0.   0.   0.   0.   0.   0.   0.   0.   0.   0.   0.   0.   0.
  0.   0. ]
Read 160000 lines

Loaded 90000 hands...

['[Kh,2s,Js,Jc,6d]', '3', '', '', 'sim', '0.400259', '0', '0', '0', 'call_small', '300.0', '100.0', '3.0', '100.0', '1', '1', '800.0', '0.0', '700.0', '-700.0']
(26, 17, 17)
3
[ 0.  0.  0.  1.  1.  0.  0.  0.  0.  0.  0.  0.  0.  0.  0.  0.  0.  0.
  0.  0.  0.  0.  0.  0.  0.  0.  0.  0.  0.  0.  0.  0.]
[ 0.   0.   0.   1.3  2.   0.   0.   0.   0.   0.   0.   0.   0.   0.   0.
  0.   0.   0.   0.   0.   0.   0.   0.   0.   0.   0.   0.   0.   0.   0.
  0.   0. ]

Loaded 95000 hands...

['[9d,8s,4h,2s,5c]', '0', '', '', 'CNN', '0.579594', '0', '5', '3', 'bet_big', '200.0', '200.0', '1.0', '100.0', '', '000000', '300.0', '400.0', '200.0', '200.0']
(26, 17, 17)
0
[ 1.  0.  0.  0.  1.  0.  0.  0.  0.  0.  0.  0.  0.  0.  0.  0.  0.  0.
  0.  0.  0.  0.  0.  0.  0.  0.  0.  0.  0.  0.  0.  0.]
[ 2.2  0.   0.   0.   2.   0.   0.   0.   0.   0.   0.   0.   0.   0.   0.
  0.   0.   0.   0.   0.   0.   0.   0.   0.   0.   0.   0.   0.   0.   0.
  0.   0. ]
Read 170000 lines

Loaded 100000 hands...

['[9d,As,7d,8d,8h]', '3', '', '', 'sim', '0.330974', '1', '0', '0', 'call_small', '150.0', '50.0', '3.0', '50.0', '', '', '200.0', '0.0', '150.0', '-150.0']
(26, 17, 17)
3
[ 0.  0.  0.  1.  1.  0.  0.  0.  0.  0.  0.  0.  0.  0.  0.  0.  0.  0.
  0.  0.  0.  0.  0.  0.  0.  0.  0.  0.  0.  0.  0.  0.]
[ 0.    0.    0.    1.85  2.    0.    0.    0.    0.    0.    0.    0.    0.
  0.    0.    0.    0.    0.    0.    0.    0.    0.    0.    0.    0.    0.
  0.    0.    0.    0.    0.    0.  ]
Read 180000 lines

Loaded 105000 hands...

['[4h,6s,6d,2s,5c]', '3', '', '', 'man', '0.3', '1', '0', '0', 'raise_small', '500.0', '200.0', '2.5', '200.0', '11', '11', '1000.0', '1800.0', '800.0', '1000.0']
(26, 17, 17)
1
[ 0.  1.  0.  0.  1.  0.  0.  0.  0.  0.  0.  0.  0.  0.  0.  0.  0.  0.
  0.  0.  0.  0.  0.  0.  0.  0.  0.  0.  0.  0.  0.  0.]
[ 0.  3.  0.  0.  2.  0.  0.  0.  0.  0.  0.  0.  0.  0.  0.  0.  0.  0.
  0.  0.  0.  0.  0.  0.  0.  0.  0.  0.  0.  0.  0.  0.]
Read 190000 lines
count ground truth for 32 categories:
['[]_value', 20205, '18.8%']
['[0]_value', 31560, '29.4%']
['[1]_value', 15564, '14.5%']
['[2]_value', 23734, '22.1%']
['[3]_value', 16411, '15.3%']
['[4]_value', 0, '0.0%']
['[0,1]_value', 0, '0.0%']
['[0,2]_value', 0, '0.0%']
['[0,3]_value', 0, '0.0%']
['[0,4]_value', 0, '0.0%']
['[1,2]_value', 0, '0.0%']
['[1,3]_value', 0, '0.0%']
['[1,4]_value', 0, '0.0%']
['[2,3]_value', 0, '0.0%']
['[2,4]_value', 0, '0.0%']
['[3,4]_value', 0, '0.0%']
['[0,1,2]_value', 0, '0.0%']
['[0,1,3]_value', 0, '0.0%']
['[0,1,4]_value', 0, '0.0%']
['[0,2,3]_value', 0, '0.0%']
['[0,2,4]_value', 0, '0.0%']
['[0,3,4]_value', 0, '0.0%']
['[1,2,3]_value', 0, '0.0%']
['[1,2,4]_value', 0, '0.0%']
['[1,3,4]_value', 0, '0.0%']
['[2,3,4]_value', 0, '0.0%']
['[0,1,2,3]_value', 0, '0.0%']
['[0,1,2,4]_value', 0, '0.0%']
['[0,1,3,4]_value', 0, '0.0%']
['[0,2,3,4]_value', 0, '0.0%']
['[1,2,3,4]_value', 0, '0.0%']
['[0,1,2,3,4]_value', 0, '0.0%']

Read 107474 data points. Shape below:
num_examples (train) 107474
input_dimensions 26
X_train object is type <type 'numpy.ndarray'> of shape (107474, 26, 17, 17)
y_train object is type <type 'numpy.ndarray'> of shape (107474,)
z_train object is type <type 'numpy.ndarray'> of shape (107474, 32)
m_train object is type <type 'numpy.ndarray'> of shape (107474, 32)
X_valid <type 'numpy.ndarray'> (5000, 26, 17, 17)
X_test <type 'numpy.ndarray'> (0, 26, 17, 17)
X_train <type 'numpy.ndarray'> (102474, 26, 17, 17)
y_valid <type 'numpy.ndarray'> (5000,)
y_test <type 'numpy.ndarray'> (0,)
y_train <type 'numpy.ndarray'> (102474,)
z_valid <type 'numpy.ndarray'> (5000, 32)
z_test <type 'numpy.ndarray'> (0, 32)
z_train <type 'numpy.ndarray'> (102474, 32)
m_valid <type 'numpy.ndarray'> (5000, 32)
m_test <type 'numpy.ndarray'> (0, 32)
m_train <type 'numpy.ndarray'> (102474, 32)
Building model and compiling functions...
/usr/local/lib/python2.7/dist-packages/Lasagne-0.1.dev-py2.7.egg/lasagne/init.py:86: UserWarning: The uniform initializer no longer uses Glorot et al.'s approach to determine the bounds, but defaults to the range (-0.01, 0.01) instead. Please use the new GlorotUniform initializer to get the old behavior. GlorotUniform is now the default for all layers.
  warnings.warn("The uniform initializer no longer uses Glorot et al.'s "
/usr/local/lib/python2.7/dist-packages/Lasagne-0.1.dev-py2.7.egg/lasagne/layers/helper.py:69: UserWarning: get_all_layers() has been changed to return layers in topological order. The former implementation is still available as get_all_layers_old(), but will be removed before the first release of Lasagne. To ignore this warning, use `warnings.filterwarnings('ignore', '.*topo.*')`.
  warnings.warn("get_all_layers() has been changed to return layers in "
triple_draw_poker_full_output.py:363: UserWarning: layer.get_output(...) is deprecated and will be removed for the first release of Lasagne. Please use lasagne.layers.get_output(layer, ...) instead.
  pred = T.argmax(output_layer.get_output(X_batch, deterministic=True), axis=1)
building model, layer by layer...
input layer shape 100 x 26 x 17 x 17
convolution layer l_conv1. Shape (100, 24, 15, 15)
convolution layer l_conv1_1. Shape (100, 24, 13, 13)
maxPool layer l_pool1. Shape (100, 24, 7, 7)
convolution layer l_conv2. Shape (100, 48, 5, 5)
convolution layer l_conv2_2. Shape (100, 48, 3, 3)
maxPool layer l_pool2. Shape (100, 48, 2, 2)
hidden layer l_hidden1. Shape (100, 1024)
dropout layer l_hidden1_dropout. Shape (100, 1024)
final layer l_out, into 32 dimension. Shape (100, 32)
Existing model in file deuce_eventstriple_draw_conv_0.02_learn_rate_20_epoch_adaptive_24_filters_valid_border_1_num_draws_full_hand_hand_context_model.pickle. Attempt to load it!
Loaded values 12
Successfully initialized model with previous saved params!
creating iter funtions
input dataset {'X_test': <CudaNdarrayType(float32, 4D)>, 'num_examples_valid': 5000, 'X_valid': <CudaNdarrayType(float32, 4D)>, 'y_valid': Elemwise{Cast{int32}}.0, 'input_height': 17, 'input_width': 17, 'y_train': Elemwise{Cast{int32}}.0, 'm_valid': <CudaNdarrayType(float32, matrix)>, 'y_test': Elemwise{Cast{int32}}.0, 'num_examples_train': 102474, 'X_train': <CudaNdarrayType(float32, 4D)>, 'output_dim': 32, 'num_examples_test': 0, 'z_valid': <CudaNdarrayType(float32, matrix)>, 'm_test': <CudaNdarrayType(float32, matrix)>, 'z_train': <CudaNdarrayType(float32, matrix)>, 'm_train': <CudaNdarrayType(float32, matrix)>, 'z_test': <CudaNdarrayType(float32, matrix)>}
--> We are told to use 'masked' loss function. So training & validation loss will be computed on inputs with mask == 1 only
Using updates.nesterov_momentum with learning rate 0.02, momentum 0.90
Using AdaDelta adaptive learning after 20 epochs, with epsilon 0.0001, learning rate 1.00!
Starting training...
default train for epoch 1
Epoch 1 of 100 took 58.894s
  training loss:		0.01206520
  validation loss:		0.01166040
  validation accuracy:		18.56 %%
pickling model 12 param values to deuce_eventstriple_draw_conv_0.02_learn_rate_20_epoch_adaptive_24_filters_valid_border_1_num_draws_full_hand_hand_context_model.pickle
default train for epoch 2
Epoch 2 of 100 took 58.796s
  training loss:		0.01164656
  validation loss:		0.01148852
  validation accuracy:		18.84 %%
pickling model 12 param values to deuce_eventstriple_draw_conv_0.02_learn_rate_20_epoch_adaptive_24_filters_valid_border_1_num_draws_full_hand_hand_context_model.pickle
default train for epoch 3
Epoch 3 of 100 took 58.877s
  training loss:		0.01147714
  validation loss:		0.01139406
  validation accuracy:		18.96 %%
pickling model 12 param values to deuce_eventstriple_draw_conv_0.02_learn_rate_20_epoch_adaptive_24_filters_valid_border_1_num_draws_full_hand_hand_context_model.pickle
default train for epoch 4
Epoch 4 of 100 took 58.855s
  training loss:		0.01136149
  validation loss:		0.01133861
  validation accuracy:		18.82 %%
pickling model 12 param values to deuce_eventstriple_draw_conv_0.02_learn_rate_20_epoch_adaptive_24_filters_valid_border_1_num_draws_full_hand_hand_context_model.pickle
default train for epoch 5
Epoch 5 of 100 took 58.777s
  training loss:		0.01125091
  validation loss:		0.01134608
  validation accuracy:		18.50 %%
pickling model 12 param values to deuce_eventstriple_draw_conv_0.02_learn_rate_20_epoch_adaptive_24_filters_valid_border_1_num_draws_full_hand_hand_context_model.pickle
default train for epoch 6
Epoch 6 of 100 took 58.920s
  training loss:		0.01115723
  validation loss:		0.01136001
  validation accuracy:		18.76 %%
pickling model 12 param values to deuce_eventstriple_draw_conv_0.02_learn_rate_20_epoch_adaptive_24_filters_valid_border_1_num_draws_full_hand_hand_context_model.pickle
default train for epoch 7
Epoch 7 of 100 took 58.736s
  training loss:		0.01108829
  validation loss:		0.01136913
  validation accuracy:		19.00 %%
pickling model 12 param values to deuce_eventstriple_draw_conv_0.02_learn_rate_20_epoch_adaptive_24_filters_valid_border_1_num_draws_full_hand_hand_context_model.pickle
default train for epoch 8
Epoch 8 of 100 took 58.745s
  training loss:		0.01102269
  validation loss:		0.01135762
  validation accuracy:		18.78 %%
pickling model 12 param values to deuce_eventstriple_draw_conv_0.02_learn_rate_20_epoch_adaptive_24_filters_valid_border_1_num_draws_full_hand_hand_context_model.pickle
default train for epoch 9
Epoch 9 of 100 took 58.736s
  training loss:		0.01095524
  validation loss:		0.01139853
  validation accuracy:		18.84 %%
pickling model 12 param values to deuce_eventstriple_draw_conv_0.02_learn_rate_20_epoch_adaptive_24_filters_valid_border_1_num_draws_full_hand_hand_context_model.pickle
default train for epoch 10
Epoch 10 of 100 took 58.819s
  training loss:		0.01089237
  validation loss:		0.01138703
  validation accuracy:		18.50 %%
pickling model 12 param values to deuce_eventstriple_draw_conv_0.02_learn_rate_20_epoch_adaptive_24_filters_valid_border_1_num_draws_full_hand_hand_context_model.pickle
default train for epoch 11
Epoch 11 of 100 took 58.726s
  training loss:		0.01084092
  validation loss:		0.01141784
  validation accuracy:		18.82 %%
pickling model 12 param values to deuce_eventstriple_draw_conv_0.02_learn_rate_20_epoch_adaptive_24_filters_valid_border_1_num_draws_full_hand_hand_context_model.pickle
default train for epoch 12
Epoch 12 of 100 took 58.935s
  training loss:		0.01077307
  validation loss:		0.01139539
  validation accuracy:		18.52 %%
pickling model 12 param values to deuce_eventstriple_draw_conv_0.02_learn_rate_20_epoch_adaptive_24_filters_valid_border_1_num_draws_full_hand_hand_context_model.pickle
default train for epoch 13
Epoch 13 of 100 took 58.759s
  training loss:		0.01073855
  validation loss:		0.01139692
  validation accuracy:		18.54 %%
pickling model 12 param values to deuce_eventstriple_draw_conv_0.02_learn_rate_20_epoch_adaptive_24_filters_valid_border_1_num_draws_full_hand_hand_context_model.pickle
default train for epoch 14
Epoch 14 of 100 took 58.674s
  training loss:		0.01066132
  validation loss:		0.01142162
  validation accuracy:		18.58 %%
pickling model 12 param values to deuce_eventstriple_draw_conv_0.02_learn_rate_20_epoch_adaptive_24_filters_valid_border_1_num_draws_full_hand_hand_context_model.pickle
default train for epoch 15
Epoch 15 of 100 took 58.724s
  training loss:		0.01060375
  validation loss:		0.01143650
  validation accuracy:		18.24 %%
pickling model 12 param values to deuce_eventstriple_draw_conv_0.02_learn_rate_20_epoch_adaptive_24_filters_valid_border_1_num_draws_full_hand_hand_context_model.pickle
default train for epoch 16
Epoch 16 of 100 took 58.695s
  training loss:		0.01055600
  validation loss:		0.01145213
  validation accuracy:		18.30 %%
pickling model 12 param values to deuce_eventstriple_draw_conv_0.02_learn_rate_20_epoch_adaptive_24_filters_valid_border_1_num_draws_full_hand_hand_context_model.pickle
default train for epoch 17
Epoch 17 of 100 took 58.763s
  training loss:		0.01050841
  validation loss:		0.01151327
  validation accuracy:		18.10 %%
pickling model 12 param values to deuce_eventstriple_draw_conv_0.02_learn_rate_20_epoch_adaptive_24_filters_valid_border_1_num_draws_full_hand_hand_context_model.pickle
default train for epoch 18
Epoch 18 of 100 took 58.710s
  training loss:		0.01045413
  validation loss:		0.01151722
  validation accuracy:		18.02 %%
pickling model 12 param values to deuce_eventstriple_draw_conv_0.02_learn_rate_20_epoch_adaptive_24_filters_valid_border_1_num_draws_full_hand_hand_context_model.pickle
default train for epoch 19
Epoch 19 of 100 took 58.758s
  training loss:		0.01041842
  validation loss:		0.01152859
  validation accuracy:		17.90 %%
pickling model 12 param values to deuce_eventstriple_draw_conv_0.02_learn_rate_20_epoch_adaptive_24_filters_valid_border_1_num_draws_full_hand_hand_context_model.pickle
default train for epoch 20
Epoch 20 of 100 took 58.980s
  training loss:		0.01036436
  validation loss:		0.01156237
  validation accuracy:		17.94 %%
pickling model 12 param values to deuce_eventstriple_draw_conv_0.02_learn_rate_20_epoch_adaptive_24_filters_valid_border_1_num_draws_full_hand_hand_context_model.pickle
default train for epoch 21
Epoch 21 of 100 took 58.743s
  training loss:		0.01030272
  validation loss:		0.01161358
  validation accuracy:		17.88 %%
pickling model 12 param values to deuce_eventstriple_draw_conv_0.02_learn_rate_20_epoch_adaptive_24_filters_valid_border_1_num_draws_full_hand_hand_context_model.pickle
default train for epoch 22
Epoch 22 of 100 took 60.311s
  training loss:		0.01025145
  validation loss:		0.01158399
  validation accuracy:		17.80 %%
pickling model 12 param values to deuce_eventstriple_draw_conv_0.02_learn_rate_20_epoch_adaptive_24_filters_valid_border_1_num_draws_full_hand_hand_context_model.pickle
default train for epoch 23
Epoch 23 of 100 took 58.747s
  training loss:		0.01021319
  validation loss:		0.01162346
  validation accuracy:		17.70 %%
pickling model 12 param values to deuce_eventstriple_draw_conv_0.02_learn_rate_20_epoch_adaptive_24_filters_valid_border_1_num_draws_full_hand_hand_context_model.pickle
default train for epoch 24
Epoch 24 of 100 took 58.759s
  training loss:		0.01016768
  validation loss:		0.01171460
  validation accuracy:		17.68 %%
pickling model 12 param values to deuce_eventstriple_draw_conv_0.02_learn_rate_20_epoch_adaptive_24_filters_valid_border_1_num_draws_full_hand_hand_context_model.pickle
default train for epoch 25
Epoch 25 of 100 took 60.080s
  training loss:		0.01010969
  validation loss:		0.01170611
  validation accuracy:		17.62 %%
pickling model 12 param values to deuce_eventstriple_draw_conv_0.02_learn_rate_20_epoch_adaptive_24_filters_valid_border_1_num_draws_full_hand_hand_context_model.pickle
default train for epoch 26
Epoch 26 of 100 took 58.721s
  training loss:		0.01005851
  validation loss:		0.01176221
  validation accuracy:		17.74 %%
pickling model 12 param values to deuce_eventstriple_draw_conv_0.02_learn_rate_20_epoch_adaptive_24_filters_valid_border_1_num_draws_full_hand_hand_context_model.pickle
default train for epoch 27
Epoch 27 of 100 took 59.903s
  training loss:		0.01003216
  validation loss:		0.01175003
  validation accuracy:		17.68 %%
pickling model 12 param values to deuce_eventstriple_draw_conv_0.02_learn_rate_20_epoch_adaptive_24_filters_valid_border_1_num_draws_full_hand_hand_context_model.pickle
default train for epoch 28
Epoch 28 of 100 took 59.523s
  training loss:		0.00997056
  validation loss:		0.01181015
  validation accuracy:		17.86 %%
pickling model 12 param values to deuce_eventstriple_draw_conv_0.02_learn_rate_20_epoch_adaptive_24_filters_valid_border_1_num_draws_full_hand_hand_context_model.pickle
default train for epoch 29
Epoch 29 of 100 took 58.904s
  training loss:		0.00991301
  validation loss:		0.01182135
  validation accuracy:		17.74 %%
pickling model 12 param values to deuce_eventstriple_draw_conv_0.02_learn_rate_20_epoch_adaptive_24_filters_valid_border_1_num_draws_full_hand_hand_context_model.pickle
default train for epoch 30
Epoch 30 of 100 took 58.800s
  training loss:		0.00988391
  validation loss:		0.01181811
  validation accuracy:		17.78 %%
pickling model 12 param values to deuce_eventstriple_draw_conv_0.02_learn_rate_20_epoch_adaptive_24_filters_valid_border_1_num_draws_full_hand_hand_context_model.pickle
default train for epoch 31
Epoch 31 of 100 took 58.769s
  training loss:		0.00982613
  validation loss:		0.01193840
  validation accuracy:		17.72 %%
pickling model 12 param values to deuce_eventstriple_draw_conv_0.02_learn_rate_20_epoch_adaptive_24_filters_valid_border_1_num_draws_full_hand_hand_context_model.pickle
default train for epoch 32
Epoch 32 of 100 took 58.896s
  training loss:		0.00977537
  validation loss:		0.01193804
  validation accuracy:		17.76 %%
pickling model 12 param values to deuce_eventstriple_draw_conv_0.02_learn_rate_20_epoch_adaptive_24_filters_valid_border_1_num_draws_full_hand_hand_context_model.pickle
default train for epoch 33
Epoch 33 of 100 took 58.756s
  training loss:		0.00972907
  validation loss:		0.01198556
  validation accuracy:		17.88 %%
pickling model 12 param values to deuce_eventstriple_draw_conv_0.02_learn_rate_20_epoch_adaptive_24_filters_valid_border_1_num_draws_full_hand_hand_context_model.pickle
default train for epoch 34
Epoch 34 of 100 took 58.650s
  training loss:		0.00968748
  validation loss:		0.01204878
  validation accuracy:		17.78 %%
pickling model 12 param values to deuce_eventstriple_draw_conv_0.02_learn_rate_20_epoch_adaptive_24_filters_valid_border_1_num_draws_full_hand_hand_context_model.pickle
default train for epoch 35
Epoch 35 of 100 took 58.765s
  training loss:		0.00964544
  validation loss:		0.01211344
  validation accuracy:		17.76 %%
pickling model 12 param values to deuce_eventstriple_draw_conv_0.02_learn_rate_20_epoch_adaptive_24_filters_valid_border_1_num_draws_full_hand_hand_context_model.pickle
default train for epoch 36
Epoch 36 of 100 took 58.681s
  training loss:		0.00958249
  validation loss:		0.01210960
  validation accuracy:		17.70 %%
pickling model 12 param values to deuce_eventstriple_draw_conv_0.02_learn_rate_20_epoch_adaptive_24_filters_valid_border_1_num_draws_full_hand_hand_context_model.pickle
default train for epoch 37
Epoch 37 of 100 took 58.792s
  training loss:		0.00953660
  validation loss:		0.01222023
  validation accuracy:		17.94 %%
pickling model 12 param values to deuce_eventstriple_draw_conv_0.02_learn_rate_20_epoch_adaptive_24_filters_valid_border_1_num_draws_full_hand_hand_context_model.pickle
default train for epoch 38
Epoch 38 of 100 took 58.819s
  training loss:		0.00949517
  validation loss:		0.01223211
  validation accuracy:		17.96 %%
pickling model 12 param values to deuce_eventstriple_draw_conv_0.02_learn_rate_20_epoch_adaptive_24_filters_valid_border_1_num_draws_full_hand_hand_context_model.pickle
default train for epoch 39
Epoch 39 of 100 took 58.776s
  training loss:		0.00945338
  validation loss:		0.01229463
  validation accuracy:		17.60 %%
pickling model 12 param values to deuce_eventstriple_draw_conv_0.02_learn_rate_20_epoch_adaptive_24_filters_valid_border_1_num_draws_full_hand_hand_context_model.pickle
default train for epoch 40
Epoch 40 of 100 took 60.110s
  training loss:		0.00940820
  validation loss:		0.01232300
  validation accuracy:		17.76 %%
pickling model 12 param values to deuce_eventstriple_draw_conv_0.02_learn_rate_20_epoch_adaptive_24_filters_valid_border_1_num_draws_full_hand_hand_context_model.pickle
default train for epoch 41
Epoch 41 of 100 took 58.728s
  training loss:		0.00934400
  validation loss:		0.01235293
  validation accuracy:		17.84 %%
pickling model 12 param values to deuce_eventstriple_draw_conv_0.02_learn_rate_20_epoch_adaptive_24_filters_valid_border_1_num_draws_full_hand_hand_context_model.pickle
default train for epoch 42
Epoch 42 of 100 took 58.738s
  training loss:		0.00931930
  validation loss:		0.01244985
  validation accuracy:		17.90 %%
pickling model 12 param values to deuce_eventstriple_draw_conv_0.02_learn_rate_20_epoch_adaptive_24_filters_valid_border_1_num_draws_full_hand_hand_context_model.pickle
default train for epoch 43
Epoch 43 of 100 took 60.516s
  training loss:		0.00927830
  validation loss:		0.01249002
  validation accuracy:		17.60 %%
pickling model 12 param values to deuce_eventstriple_draw_conv_0.02_learn_rate_20_epoch_adaptive_24_filters_valid_border_1_num_draws_full_hand_hand_context_model.pickle
default train for epoch 44
Epoch 44 of 100 took 58.661s
  training loss:		0.00922834
  validation loss:		0.01249099
  validation accuracy:		17.60 %%
pickling model 12 param values to deuce_eventstriple_draw_conv_0.02_learn_rate_20_epoch_adaptive_24_filters_valid_border_1_num_draws_full_hand_hand_context_model.pickle
default train for epoch 45
Epoch 45 of 100 took 58.765s
  training loss:		0.00918300
  validation loss:		0.01249508
  validation accuracy:		17.72 %%
pickling model 12 param values to deuce_eventstriple_draw_conv_0.02_learn_rate_20_epoch_adaptive_24_filters_valid_border_1_num_draws_full_hand_hand_context_model.pickle
default train for epoch 46
Epoch 46 of 100 took 58.986s
  training loss:		0.00913748
  validation loss:		0.01256409
  validation accuracy:		17.56 %%
pickling model 12 param values to deuce_eventstriple_draw_conv_0.02_learn_rate_20_epoch_adaptive_24_filters_valid_border_1_num_draws_full_hand_hand_context_model.pickle
default train for epoch 47
Epoch 47 of 100 took 58.781s
  training loss:		0.00910576
  validation loss:		0.01259269
  validation accuracy:		17.64 %%
pickling model 12 param values to deuce_eventstriple_draw_conv_0.02_learn_rate_20_epoch_adaptive_24_filters_valid_border_1_num_draws_full_hand_hand_context_model.pickle
default train for epoch 48
Epoch 48 of 100 took 58.675s
  training loss:		0.00904052
  validation loss:		0.01265285
  validation accuracy:		17.56 %%
pickling model 12 param values to deuce_eventstriple_draw_conv_0.02_learn_rate_20_epoch_adaptive_24_filters_valid_border_1_num_draws_full_hand_hand_context_model.pickle
default train for epoch 49
Epoch 49 of 100 took 58.706s
  training loss:		0.00900300
  validation loss:		0.01272565
  validation accuracy:		17.82 %%
pickling model 12 param values to deuce_eventstriple_draw_conv_0.02_learn_rate_20_epoch_adaptive_24_filters_valid_border_1_num_draws_full_hand_hand_context_model.pickle
default train for epoch 50
Epoch 50 of 100 took 58.675s
  training loss:		0.00895521
  validation loss:		0.01276696
  validation accuracy:		17.52 %%
pickling model 12 param values to deuce_eventstriple_draw_conv_0.02_learn_rate_20_epoch_adaptive_24_filters_valid_border_1_num_draws_full_hand_hand_context_model.pickle
default train for epoch 51
Epoch 51 of 100 took 58.673s
  training loss:		0.00892535
  validation loss:		0.01284724
  validation accuracy:		18.20 %%
pickling model 12 param values to deuce_eventstriple_draw_conv_0.02_learn_rate_20_epoch_adaptive_24_filters_valid_border_1_num_draws_full_hand_hand_context_model.pickle
default train for epoch 52
Epoch 52 of 100 took 58.695s
  training loss:		0.00887305
  validation loss:		0.01282772
  validation accuracy:		17.88 %%
pickling model 12 param values to deuce_eventstriple_draw_conv_0.02_learn_rate_20_epoch_adaptive_24_filters_valid_border_1_num_draws_full_hand_hand_context_model.pickle
default train for epoch 53
Epoch 53 of 100 took 59.149s
  training loss:		0.00883136
  validation loss:		0.01292185
  validation accuracy:		18.22 %%
pickling model 12 param values to deuce_eventstriple_draw_conv_0.02_learn_rate_20_epoch_adaptive_24_filters_valid_border_1_num_draws_full_hand_hand_context_model.pickle
default train for epoch 54
Epoch 54 of 100 took 60.204s
  training loss:		0.00878482
  validation loss:		0.01292508
  validation accuracy:		18.04 %%
pickling model 12 param values to deuce_eventstriple_draw_conv_0.02_learn_rate_20_epoch_adaptive_24_filters_valid_border_1_num_draws_full_hand_hand_context_model.pickle
default train for epoch 55
Epoch 55 of 100 took 58.865s
  training loss:		0.00875110
  validation loss:		0.01291269
  validation accuracy:		17.80 %%
pickling model 12 param values to deuce_eventstriple_draw_conv_0.02_learn_rate_20_epoch_adaptive_24_filters_valid_border_1_num_draws_full_hand_hand_context_model.pickle
default train for epoch 56
Epoch 56 of 100 took 58.864s
  training loss:		0.00871739
  validation loss:		0.01298336
  validation accuracy:		17.80 %%
pickling model 12 param values to deuce_eventstriple_draw_conv_0.02_learn_rate_20_epoch_adaptive_24_filters_valid_border_1_num_draws_full_hand_hand_context_model.pickle
default train for epoch 57
Epoch 57 of 100 took 58.886s
  training loss:		0.00865973
  validation loss:		0.01301657
  validation accuracy:		17.84 %%
pickling model 12 param values to deuce_eventstriple_draw_conv_0.02_learn_rate_20_epoch_adaptive_24_filters_valid_border_1_num_draws_full_hand_hand_context_model.pickle
default train for epoch 58
Epoch 58 of 100 took 58.787s
  training loss:		0.00862032
  validation loss:		0.01312621
  validation accuracy:		17.98 %%
pickling model 12 param values to deuce_eventstriple_draw_conv_0.02_learn_rate_20_epoch_adaptive_24_filters_valid_border_1_num_draws_full_hand_hand_context_model.pickle
default train for epoch 59
Epoch 59 of 100 took 58.861s
  training loss:		0.00859313
  validation loss:		0.01318331
  validation accuracy:		17.60 %%
pickling model 12 param values to deuce_eventstriple_draw_conv_0.02_learn_rate_20_epoch_adaptive_24_filters_valid_border_1_num_draws_full_hand_hand_context_model.pickle
default train for epoch 60
Epoch 60 of 100 took 58.827s
  training loss:		0.00853562
  validation loss:		0.01312659
  validation accuracy:		18.12 %%
pickling model 12 param values to deuce_eventstriple_draw_conv_0.02_learn_rate_20_epoch_adaptive_24_filters_valid_border_1_num_draws_full_hand_hand_context_model.pickle
default train for epoch 61
Epoch 61 of 100 took 58.758s
  training loss:		0.00850716
  validation loss:		0.01321747
  validation accuracy:		17.74 %%
pickling model 12 param values to deuce_eventstriple_draw_conv_0.02_learn_rate_20_epoch_adaptive_24_filters_valid_border_1_num_draws_full_hand_hand_context_model.pickle
default train for epoch 62
Epoch 62 of 100 took 59.899s
  training loss:		0.00845609
  validation loss:		0.01326033
  validation accuracy:		17.86 %%
pickling model 12 param values to deuce_eventstriple_draw_conv_0.02_learn_rate_20_epoch_adaptive_24_filters_valid_border_1_num_draws_full_hand_hand_context_model.pickle
default train for epoch 63
Epoch 63 of 100 took 58.726s
  training loss:		0.00842358
  validation loss:		0.01333467
  validation accuracy:		17.84 %%
pickling model 12 param values to deuce_eventstriple_draw_conv_0.02_learn_rate_20_epoch_adaptive_24_filters_valid_border_1_num_draws_full_hand_hand_context_model.pickle
default train for epoch 64
Epoch 64 of 100 took 60.728s
  training loss:		0.00839098
  validation loss:		0.01326393
  validation accuracy:		17.86 %%
pickling model 12 param values to deuce_eventstriple_draw_conv_0.02_learn_rate_20_epoch_adaptive_24_filters_valid_border_1_num_draws_full_hand_hand_context_model.pickle
default train for epoch 65
Epoch 65 of 100 took 58.780s
  training loss:		0.00833724
  validation loss:		0.01344266
  validation accuracy:		17.58 %%
pickling model 12 param values to deuce_eventstriple_draw_conv_0.02_learn_rate_20_epoch_adaptive_24_filters_valid_border_1_num_draws_full_hand_hand_context_model.pickle
default train for epoch 66
Epoch 66 of 100 took 58.727s
  training loss:		0.00829796
  validation loss:		0.01347179
  validation accuracy:		17.86 %%
pickling model 12 param values to deuce_eventstriple_draw_conv_0.02_learn_rate_20_epoch_adaptive_24_filters_valid_border_1_num_draws_full_hand_hand_context_model.pickle
default train for epoch 67
Epoch 67 of 100 took 58.781s
  training loss:		0.00825565
  validation loss:		0.01353920
  validation accuracy:		17.50 %%
pickling model 12 param values to deuce_eventstriple_draw_conv_0.02_learn_rate_20_epoch_adaptive_24_filters_valid_border_1_num_draws_full_hand_hand_context_model.pickle
default train for epoch 68
Epoch 68 of 100 took 58.731s
  training loss:		0.00821716
  validation loss:		0.01354132
  validation accuracy:		17.76 %%
pickling model 12 param values to deuce_eventstriple_draw_conv_0.02_learn_rate_20_epoch_adaptive_24_filters_valid_border_1_num_draws_full_hand_hand_context_model.pickle
default train for epoch 69
Epoch 69 of 100 took 58.661s
  training loss:		0.00816255
  validation loss:		0.01365848
  validation accuracy:		17.50 %%
pickling model 12 param values to deuce_eventstriple_draw_conv_0.02_learn_rate_20_epoch_adaptive_24_filters_valid_border_1_num_draws_full_hand_hand_context_model.pickle
default train for epoch 70
Epoch 70 of 100 took 58.740s
  training loss:		0.00814003
  validation loss:		0.01368884
  validation accuracy:		17.72 %%
pickling model 12 param values to deuce_eventstriple_draw_conv_0.02_learn_rate_20_epoch_adaptive_24_filters_valid_border_1_num_draws_full_hand_hand_context_model.pickle
default train for epoch 71
Epoch 71 of 100 took 58.691s
  training loss:		0.00809346
  validation loss:		0.01362598
  validation accuracy:		18.10 %%
pickling model 12 param values to deuce_eventstriple_draw_conv_0.02_learn_rate_20_epoch_adaptive_24_filters_valid_border_1_num_draws_full_hand_hand_context_model.pickle
default train for epoch 72
Epoch 72 of 100 took 59.835s
  training loss:		0.00806727
  validation loss:		0.01373230
  validation accuracy:		17.60 %%
pickling model 12 param values to deuce_eventstriple_draw_conv_0.02_learn_rate_20_epoch_adaptive_24_filters_valid_border_1_num_draws_full_hand_hand_context_model.pickle
default train for epoch 73
Epoch 73 of 100 took 59.069s
  training loss:		0.00803067
  validation loss:		0.01383616
  validation accuracy:		17.84 %%
pickling model 12 param values to deuce_eventstriple_draw_conv_0.02_learn_rate_20_epoch_adaptive_24_filters_valid_border_1_num_draws_full_hand_hand_context_model.pickle
default train for epoch 74
Epoch 74 of 100 took 58.948s
  training loss:		0.00797136
  validation loss:		0.01393881
  validation accuracy:		18.10 %%
pickling model 12 param values to deuce_eventstriple_draw_conv_0.02_learn_rate_20_epoch_adaptive_24_filters_valid_border_1_num_draws_full_hand_hand_context_model.pickle
default train for epoch 75
Epoch 75 of 100 took 58.836s
  training loss:		0.00794520
  validation loss:		0.01389841
  validation accuracy:		18.10 %%
pickling model 12 param values to deuce_eventstriple_draw_conv_0.02_learn_rate_20_epoch_adaptive_24_filters_valid_border_1_num_draws_full_hand_hand_context_model.pickle
default train for epoch 76
Epoch 76 of 100 took 58.851s
  training loss:		0.00790806
  validation loss:		0.01399073
  validation accuracy:		18.24 %%
pickling model 12 param values to deuce_eventstriple_draw_conv_0.02_learn_rate_20_epoch_adaptive_24_filters_valid_border_1_num_draws_full_hand_hand_context_model.pickle
default train for epoch 77
Epoch 77 of 100 took 58.805s
  training loss:		0.00787426
  validation loss:		0.01403408
  validation accuracy:		18.00 %%
pickling model 12 param values to deuce_eventstriple_draw_conv_0.02_learn_rate_20_epoch_adaptive_24_filters_valid_border_1_num_draws_full_hand_hand_context_model.pickle
default train for epoch 78
Epoch 78 of 100 took 58.860s
  training loss:		0.00783502
  validation loss:		0.01413139
  validation accuracy:		17.90 %%
pickling model 12 param values to deuce_eventstriple_draw_conv_0.02_learn_rate_20_epoch_adaptive_24_filters_valid_border_1_num_draws_full_hand_hand_context_model.pickle
default train for epoch 79
Epoch 79 of 100 took 58.715s
  training loss:		0.00781182
  validation loss:		0.01423737
  validation accuracy:		18.08 %%
pickling model 12 param values to deuce_eventstriple_draw_conv_0.02_learn_rate_20_epoch_adaptive_24_filters_valid_border_1_num_draws_full_hand_hand_context_model.pickle
default train for epoch 80
Epoch 80 of 100 took 58.872s
  training loss:		0.00776269
  validation loss:		0.01426117
  validation accuracy:		18.16 %%
pickling model 12 param values to deuce_eventstriple_draw_conv_0.02_learn_rate_20_epoch_adaptive_24_filters_valid_border_1_num_draws_full_hand_hand_context_model.pickle
default train for epoch 81
Epoch 81 of 100 took 58.766s
  training loss:		0.00774355
  validation loss:		0.01424761
  validation accuracy:		17.90 %%
pickling model 12 param values to deuce_eventstriple_draw_conv_0.02_learn_rate_20_epoch_adaptive_24_filters_valid_border_1_num_draws_full_hand_hand_context_model.pickle
default train for epoch 82
Epoch 82 of 100 took 58.743s
  training loss:		0.00769505
  validation loss:		0.01428897
  validation accuracy:		18.04 %%
pickling model 12 param values to deuce_eventstriple_draw_conv_0.02_learn_rate_20_epoch_adaptive_24_filters_valid_border_1_num_draws_full_hand_hand_context_model.pickle
default train for epoch 83
Epoch 83 of 100 took 58.876s
  training loss:		0.00768378
  validation loss:		0.01442401
  validation accuracy:		17.96 %%
pickling model 12 param values to deuce_eventstriple_draw_conv_0.02_learn_rate_20_epoch_adaptive_24_filters_valid_border_1_num_draws_full_hand_hand_context_model.pickle
default train for epoch 84
Epoch 84 of 100 took 58.756s
  training loss:		0.00763748
  validation loss:		0.01442334
  validation accuracy:		17.76 %%
pickling model 12 param values to deuce_eventstriple_draw_conv_0.02_learn_rate_20_epoch_adaptive_24_filters_valid_border_1_num_draws_full_hand_hand_context_model.pickle
default train for epoch 85
Epoch 85 of 100 took 58.777s
  training loss:		0.00760514
  validation loss:		0.01452543
  validation accuracy:		18.32 %%
pickling model 12 param values to deuce_eventstriple_draw_conv_0.02_learn_rate_20_epoch_adaptive_24_filters_valid_border_1_num_draws_full_hand_hand_context_model.pickle
default train for epoch 86
Epoch 86 of 100 took 58.867s
  training loss:		0.00756947
  validation loss:		0.01469918
  validation accuracy:		18.60 %%
pickling model 12 param values to deuce_eventstriple_draw_conv_0.02_learn_rate_20_epoch_adaptive_24_filters_valid_border_1_num_draws_full_hand_hand_context_model.pickle
default train for epoch 87
Epoch 87 of 100 took 58.727s
  training loss:		0.00754687
  validation loss:		0.01460188
  validation accuracy:		17.82 %%
pickling model 12 param values to deuce_eventstriple_draw_conv_0.02_learn_rate_20_epoch_adaptive_24_filters_valid_border_1_num_draws_full_hand_hand_context_model.pickle
default train for epoch 88
Epoch 88 of 100 took 58.726s
  training loss:		0.00752117
  validation loss:		0.01463956
  validation accuracy:		18.20 %%
pickling model 12 param values to deuce_eventstriple_draw_conv_0.02_learn_rate_20_epoch_adaptive_24_filters_valid_border_1_num_draws_full_hand_hand_context_model.pickle
default train for epoch 89
Epoch 89 of 100 took 58.719s
  training loss:		0.00748049
  validation loss:		0.01486440
  validation accuracy:		18.84 %%
pickling model 12 param values to deuce_eventstriple_draw_conv_0.02_learn_rate_20_epoch_adaptive_24_filters_valid_border_1_num_draws_full_hand_hand_context_model.pickle
default train for epoch 90
Epoch 90 of 100 took 58.844s
  training loss:		0.00744529
  validation loss:		0.01487427
  validation accuracy:		18.68 %%
pickling model 12 param values to deuce_eventstriple_draw_conv_0.02_learn_rate_20_epoch_adaptive_24_filters_valid_border_1_num_draws_full_hand_hand_context_model.pickle
default train for epoch 91
Epoch 91 of 100 took 58.894s
  training loss:		0.00743108
  validation loss:		0.01466920
  validation accuracy:		18.20 %%
pickling model 12 param values to deuce_eventstriple_draw_conv_0.02_learn_rate_20_epoch_adaptive_24_filters_valid_border_1_num_draws_full_hand_hand_context_model.pickle
default train for epoch 92
Epoch 92 of 100 took 58.739s
  training loss:		0.00737817
  validation loss:		0.01485115
  validation accuracy:		18.22 %%
pickling model 12 param values to deuce_eventstriple_draw_conv_0.02_learn_rate_20_epoch_adaptive_24_filters_valid_border_1_num_draws_full_hand_hand_context_model.pickle
default train for epoch 93
Epoch 93 of 100 took 58.733s
  training loss:		0.00735546
  validation loss:		0.01480216
  validation accuracy:		18.24 %%
pickling model 12 param values to deuce_eventstriple_draw_conv_0.02_learn_rate_20_epoch_adaptive_24_filters_valid_border_1_num_draws_full_hand_hand_context_model.pickle
default train for epoch 94
Epoch 94 of 100 took 58.803s
  training loss:		0.00732606
  validation loss:		0.01475732
  validation accuracy:		18.50 %%
pickling model 12 param values to deuce_eventstriple_draw_conv_0.02_learn_rate_20_epoch_adaptive_24_filters_valid_border_1_num_draws_full_hand_hand_context_model.pickle
default train for epoch 95
Epoch 95 of 100 took 58.761s
  training loss:		0.00730059
  validation loss:		0.01489661
  validation accuracy:		18.72 %%
pickling model 12 param values to deuce_eventstriple_draw_conv_0.02_learn_rate_20_epoch_adaptive_24_filters_valid_border_1_num_draws_full_hand_hand_context_model.pickle
default train for epoch 96
Epoch 96 of 100 took 58.813s
  training loss:		0.00727059
  validation loss:		0.01481547
  validation accuracy:		18.50 %%
pickling model 12 param values to deuce_eventstriple_draw_conv_0.02_learn_rate_20_epoch_adaptive_24_filters_valid_border_1_num_draws_full_hand_hand_context_model.pickle
default train for epoch 97
Epoch 97 of 100 took 58.728s
  training loss:		0.00724839
  validation loss:		0.01492007
  validation accuracy:		18.66 %%
pickling model 12 param values to deuce_eventstriple_draw_conv_0.02_learn_rate_20_epoch_adaptive_24_filters_valid_border_1_num_draws_full_hand_hand_context_model.pickle
default train for epoch 98
Epoch 98 of 100 took 58.739s
  training loss:		0.00720422
  validation loss:		0.01488461
  validation accuracy:		18.56 %%
pickling model 12 param values to deuce_eventstriple_draw_conv_0.02_learn_rate_20_epoch_adaptive_24_filters_valid_border_1_num_draws_full_hand_hand_context_model.pickle
default train for epoch 99
Epoch 99 of 100 took 58.752s
  training loss:		0.00718143
  validation loss:		0.01503307
  validation accuracy:		18.86 %%
pickling model 12 param values to deuce_eventstriple_draw_conv_0.02_learn_rate_20_epoch_adaptive_24_filters_valid_border_1_num_draws_full_hand_hand_context_model.pickle
default train for epoch 100
triple_draw_poker_full_output.py:464: UserWarning: layer.get_output(...) is deprecated and will be removed for the first release of Lasagne. Please use lasagne.layers.get_output(layer, ...) instead.
  pred_all = output_layer.get_output(lasagne.utils.floatX(test_batch), deterministic=True)
Epoch 100 of 100 took 58.817s
  training loss:		0.00714384
  validation loss:		0.01506853
  validation accuracy:		18.90 %%
pickling model 12 param values to deuce_eventstriple_draw_conv_0.02_learn_rate_20_epoch_adaptive_24_filters_valid_border_1_num_draws_full_hand_hand_context_model.pickle
looking at some test cases: [['3h,3s,3d,5c,6d', 3], ['2h,3s,4d,6c,5s', 1], ['3s,2h,4d,8c,5s', 0], ['3h,3s,3d,5c,6d', 0], ['2h,3s,4d,6c,5s', 2], ['3s,2h,4d,8c,5s', 3], ['As,Ad,4d,3s,2c', 1], ['As,Ks,Qs,Js,Ts', 2], ['3h,4s,3d,5c,6d', 2], ['8s,Ad,Kd,8c,Jd', 3], ['8s,Ad,2d,7c,Jd', 2], ['2d,7d,8d,9d,4d', 1], ['7c,8c,Tc,Js,Qh', 3], ['2c,8s,5h,8d,2s', 2], ['[8s,9c,8c,Kd,7h]', 2], ['[Qh,3h,6c,5s,4s]', 1], ['[Jh,Td,9s,Ks,5s]', 1], ['[6c,4d,Ts,Jc,6s]', 3], ['[4h,8h,2c,7d,3h]', 2], ['[2c,Ac,Tc,6d,3d]', 1], ['[Ad,3c,Tc,4d,5d]', 1], ['3d,Jc,7d,Ac,6s', 2], ['7h,Kc,5s,2d,Tc', 3], ['5c,6h,Jc,7h,2d', 1], ['Ts,As,3s,2d,4h', 3]]
Computing predictions on test_batch: <type 'numpy.ndarray'> (100, 26, 17, 17)
Prediciton: Subtensor{:int64:, :int64:}.0
[[ 2.07213855  1.82820058  1.97554433  1.84327364  1.99678946]
 [ 2.03733826  1.71216083  1.95328248  1.73841655  2.00177169]
 [ 3.26318002  3.37008524  3.12496638  3.21368122  2.00077534]
 [ 2.19601321  1.77467382  2.10103893  1.86952198  2.00305867]
 [ 2.41881776  2.24624562  2.28559828  2.24172115  2.0015583 ]
 [ 2.8169539   2.93805933  2.69869328  2.87569809  1.99973547]
 [ 2.80666685  2.93375754  2.55061293  2.85081768  2.00232315]
 [ 2.16568637  1.95347738  2.05008817  1.9199928   1.99603319]
 [ 2.17686319  1.9027642   2.01110482  1.90693867  2.00157094]
 [ 2.00344133  1.84021521  1.97309709  1.82826793  2.00062418]
 [ 2.08733511  1.87783563  1.99775338  1.87215352  1.99938703]
 [ 2.24968934  2.11924601  2.07957411  2.08147001  1.9951694 ]
 [ 1.93582511  1.65908802  1.88380444  1.66315818  1.99961782]
 [ 2.1514461   1.95157838  2.0505023   1.93589854  1.99664617]
 [ 2.25266027  2.12245631  2.08092523  2.05123258  2.00098062]
 [ 2.35710573  2.1455977   2.1564765   2.16196632  2.00133991]
 [ 2.20104194  1.84049857  2.02446699  1.82114244  1.99914372]]
Maximums argmax
[0 0 1 0 0 1 1 0 0 0 0 0 4 0 0 0 0]
['bet', 'bet', 'raise', 'bet', 'bet', 'raise', 'raise', 'bet', 'bet', 'bet', 'bet', 'bet', 'fold', 'bet', 'bet', 'bet', 'bet']
again, the test cases: 
[['3h,3s,3d,5c,6d', 3], ['2h,3s,4d,6c,5s', 1], ['3s,2h,4d,8c,5s', 0], ['3h,3s,3d,5c,6d', 0], ['2h,3s,4d,6c,5s', 2], ['3s,2h,4d,8c,5s', 3], ['As,Ad,4d,3s,2c', 1], ['As,Ks,Qs,Js,Ts', 2], ['3h,4s,3d,5c,6d', 2], ['8s,Ad,Kd,8c,Jd', 3], ['8s,Ad,2d,7c,Jd', 2], ['2d,7d,8d,9d,4d', 1], ['7c,8c,Tc,Js,Qh', 3], ['2c,8s,5h,8d,2s', 2], ['[8s,9c,8c,Kd,7h]', 2], ['[Qh,3h,6c,5s,4s]', 1], ['[Jh,Td,9s,Ks,5s]', 1], ['[6c,4d,Ts,Jc,6s]', 3], ['[4h,8h,2c,7d,3h]', 2], ['[2c,Ac,Tc,6d,3d]', 1], ['[Ad,3c,Tc,4d,5d]', 1], ['3d,Jc,7d,Ac,6s', 2], ['7h,Kc,5s,2d,Tc', 3], ['5c,6h,Jc,7h,2d', 1], ['Ts,As,3s,2d,4h', 3], ['2h,3s,4d,6c,5s', 1], ['2h,3s,4d,6c,5s', 1], ['2h,3s,4d,6c,5s', 1], ['2h,3s,4d,6c,5s', 1], ['2h,3s,4d,6c,5s', 1], ['2h,3s,4d,6c,5s', 1], ['2h,3s,4d,6c,5s', 1], ['2h,3s,4d,6c,5s', 1], ['2h,3s,4d,6c,5s', 1], ['2h,3s,4d,6c,5s', 1], ['2h,3s,4d,6c,5s', 1], ['2h,3s,4d,6c,5s', 1], ['2h,3s,4d,6c,5s', 1], ['2h,3s,4d,6c,5s', 1], ['2h,3s,4d,6c,5s', 1], ['2h,3s,4d,6c,5s', 1], ['2h,3s,4d,6c,5s', 1], ['2h,3s,4d,6c,5s', 1], ['2h,3s,4d,6c,5s', 1], ['2h,3s,4d,6c,5s', 1], ['2h,3s,4d,6c,5s', 1], ['2h,3s,4d,6c,5s', 1], ['2h,3s,4d,6c,5s', 1], ['2h,3s,4d,6c,5s', 1], ['2h,3s,4d,6c,5s', 1], ['2h,3s,4d,6c,5s', 1], ['2h,3s,4d,6c,5s', 1], ['2h,3s,4d,6c,5s', 1], ['2h,3s,4d,6c,5s', 1], ['2h,3s,4d,6c,5s', 1], ['2h,3s,4d,6c,5s', 1], ['2h,3s,4d,6c,5s', 1], ['2h,3s,4d,6c,5s', 1], ['2h,3s,4d,6c,5s', 1], ['2h,3s,4d,6c,5s', 1], ['2h,3s,4d,6c,5s', 1], ['2h,3s,4d,6c,5s', 1], ['2h,3s,4d,6c,5s', 1], ['2h,3s,4d,6c,5s', 1], ['2h,3s,4d,6c,5s', 1], ['2h,3s,4d,6c,5s', 1], ['2h,3s,4d,6c,5s', 1], ['2h,3s,4d,6c,5s', 1], ['2h,3s,4d,6c,5s', 1], ['2h,3s,4d,6c,5s', 1], ['2h,3s,4d,6c,5s', 1], ['2h,3s,4d,6c,5s', 1], ['2h,3s,4d,6c,5s', 1], ['2h,3s,4d,6c,5s', 1], ['2h,3s,4d,6c,5s', 1], ['2h,3s,4d,6c,5s', 1], ['2h,3s,4d,6c,5s', 1], ['2h,3s,4d,6c,5s', 1], ['2h,3s,4d,6c,5s', 1], ['2h,3s,4d,6c,5s', 1], ['2h,3s,4d,6c,5s', 1], ['2h,3s,4d,6c,5s', 1], ['2h,3s,4d,6c,5s', 1], ['2h,3s,4d,6c,5s', 1], ['2h,3s,4d,6c,5s', 1], ['2h,3s,4d,6c,5s', 1], ['2h,3s,4d,6c,5s', 1], ['2h,3s,4d,6c,5s', 1], ['2h,3s,4d,6c,5s', 1], ['2h,3s,4d,6c,5s', 1], ['2h,3s,4d,6c,5s', 1], ['2h,3s,4d,6c,5s', 1], ['2h,3s,4d,6c,5s', 1], ['2h,3s,4d,6c,5s', 1], ['2h,3s,4d,6c,5s', 1], ['2h,3s,4d,6c,5s', 1], ['2h,3s,4d,6c,5s', 1], ['2h,3s,4d,6c,5s', 1], ['2h,3s,4d,6c,5s', 1], ['2h,3s,4d,6c,5s', 1]]
