/usr/local/lib/python2.7/dist-packages/pkg_resources.py:1032: UserWarning: /home/ubuntu/.python-eggs is writable by group/others and vulnerable to attack when used with get_resource_filename. Consider a more secure location (set with .set_extraction_path or the PYTHON_EGG_CACHE environment variable).
  warnings.warn(msg, UserWarning)
Using gpu device 0: GRID K520
[set([]), set([0]), set([1]), set([2]), set([3]), set([4]), set([0, 1]), set([0, 2]), set([0, 3]), set([0, 4]), set([1, 2]), set([1, 3]), set([1, 4]), set([2, 3]), set([2, 4]), set([3, 4]), set([0, 1, 2]), set([0, 1, 3]), set([0, 1, 4]), set([0, 2, 3]), set([0, 2, 4]), set([0, 3, 4]), set([1, 2, 3]), set([1, 2, 4]), set([1, 3, 4]), set([2, 3, 4]), set([0, 1, 2, 3]), set([0, 1, 2, 4]), set([0, 1, 3, 4]), set([0, 2, 3, 4]), set([1, 2, 3, 4]), set([0, 1, 2, 3, 4])]
[{32768: 32768, 16384: 16384, 4096: 4096, 8192: 8192}, {32768: 32768, 16384: 16384, 4096: 8192, 8192: 4096}, {32768: 32768, 16384: 8192, 4096: 4096, 8192: 16384}, {32768: 32768, 16384: 8192, 4096: 16384, 8192: 4096}, {32768: 32768, 16384: 4096, 4096: 8192, 8192: 16384}, {32768: 32768, 16384: 4096, 4096: 16384, 8192: 8192}, {32768: 16384, 16384: 32768, 4096: 4096, 8192: 8192}, {32768: 16384, 16384: 32768, 4096: 8192, 8192: 4096}, {32768: 16384, 16384: 8192, 4096: 4096, 8192: 32768}, {32768: 16384, 16384: 8192, 4096: 32768, 8192: 4096}, {32768: 16384, 16384: 4096, 4096: 8192, 8192: 32768}, {32768: 16384, 16384: 4096, 4096: 32768, 8192: 8192}, {32768: 8192, 16384: 32768, 4096: 4096, 8192: 16384}, {32768: 8192, 16384: 32768, 4096: 16384, 8192: 4096}, {32768: 8192, 16384: 16384, 4096: 4096, 8192: 32768}, {32768: 8192, 16384: 16384, 4096: 32768, 8192: 4096}, {32768: 8192, 16384: 4096, 4096: 16384, 8192: 32768}, {32768: 8192, 16384: 4096, 4096: 32768, 8192: 16384}, {32768: 4096, 16384: 32768, 4096: 8192, 8192: 16384}, {32768: 4096, 16384: 32768, 4096: 16384, 8192: 8192}, {32768: 4096, 16384: 16384, 4096: 8192, 8192: 32768}, {32768: 4096, 16384: 16384, 4096: 32768, 8192: 8192}, {32768: 4096, 16384: 8192, 4096: 16384, 8192: 32768}, {32768: 4096, 16384: 8192, 4096: 32768, 8192: 16384}]
['0: set([])', '1: set([0])', '2: set([1])', '3: set([2])', '4: set([3])', '5: set([4])', '6: set([0, 1])', '7: set([0, 2])', '8: set([0, 3])', '9: set([0, 4])', '10: set([1, 2])', '11: set([1, 3])', '12: set([1, 4])', '13: set([2, 3])', '14: set([2, 4])', '15: set([3, 4])', '16: set([0, 1, 2])', '17: set([0, 1, 3])', '18: set([0, 1, 4])', '19: set([0, 2, 3])', '20: set([0, 2, 4])', '21: set([0, 3, 4])', '22: set([1, 2, 3])', '23: set([1, 2, 4])', '24: set([1, 3, 4])', '25: set([2, 3, 4])', '26: set([0, 1, 2, 3])', '27: set([0, 1, 2, 4])', '28: set([0, 1, 3, 4])', '29: set([0, 2, 3, 4])', '30: set([1, 2, 3, 4])', '31: set([0, 1, 2, 3, 4])']
Loading data...
About to load up to 120000 items of data, for training format deuce_events
CSV key['hand', 'draws_left', 'best_draw', 'hand_after', 'value_heuristic', 'position', 'num_cards_kept', 'num_opponent_kept', 'action', 'pot_size', 'bet_size', 'pot_odds', 'bet_this_hand', 'actions_this_round', 'actions_full_hand', 'total_bet', 'result', 'margin_bet', 'margin_result']

Loaded 0 hands...

['[3h,5d,4c,8s,Js]', '3', '', '', '0.569383', '1', '0', '0', 'raise_small', '150.0', '150.0', '1.0', '50.0', '', '', '200.0', '300.0', '150.0', '150.0']
(26, 17, 17)
1
[ 0.  1.  0.  0.  1.  0.  0.  0.  0.  0.  0.  0.  0.  0.  0.  0.  0.  0.
  0.  0.  0.  0.  0.  0.  0.  0.  0.  0.  0.  0.  0.  0.]
[ 0.    2.15  0.    0.    2.    0.    0.    0.    0.    0.    0.    0.    0.
  0.    0.    0.    0.    0.    0.    0.    0.    0.    0.    0.    0.    0.
  0.    0.    0.    0.    0.    0.  ]

Loaded 5000 hands...

['[8h,2s,6s,5c,Qc]', '2', '', '', '0.451845', '0', '3', '3', 'bet_small', '200.0', '100.0', '2.0', '100.0', '', '00', '200.0', '300.0', '100.0', '200.0']
(26, 17, 17)
0
[ 1.  0.  0.  0.  1.  0.  0.  0.  0.  0.  0.  0.  0.  0.  0.  0.  0.  0.
  0.  0.  0.  0.  0.  0.  0.  0.  0.  0.  0.  0.  0.  0.]
[ 2.2  0.   0.   0.   2.   0.   0.   0.   0.   0.   0.   0.   0.   0.   0.
  0.   0.   0.   0.   0.   0.   0.   0.   0.   0.   0.   0.   0.   0.   0.
  0.   0. ]
Read 10000 lines

Loaded 10000 hands...

['[2s,3d,9s,7h,4h]', '1', '', '', '0.582446', '1', '5', '5', 'raise_big', '1400.0', '400.0', '3.5', '600.0', '1', '100111101', '1400.0', '2800.0', '800.0', '2000.0']
(26, 17, 17)
1
[ 0.  1.  0.  0.  1.  0.  0.  0.  0.  0.  0.  0.  0.  0.  0.  0.  0.  0.
  0.  0.  0.  0.  0.  0.  0.  0.  0.  0.  0.  0.  0.  0.]
[ 0.  4.  0.  0.  2.  0.  0.  0.  0.  0.  0.  0.  0.  0.  0.  0.  0.  0.
  0.  0.  0.  0.  0.  0.  0.  0.  0.  0.  0.  0.  0.  0.]
Read 20000 lines

Loaded 15000 hands...

['[4s,5d,8h,9h,6c]', '2', '', '', '0.486386', '1', '3', '3', 'raise_small', '500.0', '200.0', '2.5', '200.0', '1', '101', '600.0', '1200.0', '400.0', '800.0']
(26, 17, 17)
1
[ 0.  1.  0.  0.  1.  0.  0.  0.  0.  0.  0.  0.  0.  0.  0.  0.  0.  0.
  0.  0.  0.  0.  0.  0.  0.  0.  0.  0.  0.  0.  0.  0.]
[ 0.   2.8  0.   0.   2.   0.   0.   0.   0.   0.   0.   0.   0.   0.   0.
  0.   0.   0.   0.   0.   0.   0.   0.   0.   0.   0.   0.   0.   0.   0.
  0.   0. ]
Read 30000 lines

Loaded 20000 hands...

['[4d,7c,2h,Qc,Ts]', '1', '', '', '0.191071', '0', '3', '5', 'FOLD', '1000.0', '0', '0.0', '400.0', '01', '1011001', '400.0', '0.0', '0.0', '0.0']
(26, 17, 17)
4
[ 0.  0.  0.  0.  1.  0.  0.  0.  0.  0.  0.  0.  0.  0.  0.  0.  0.  0.
  0.  0.  0.  0.  0.  0.  0.  0.  0.  0.  0.  0.  0.  0.]
[ 0.  0.  0.  0.  2.  0.  0.  0.  0.  0.  0.  0.  0.  0.  0.  0.  0.  0.
  0.  0.  0.  0.  0.  0.  0.  0.  0.  0.  0.  0.  0.  0.]
Read 40000 lines

Loaded 25000 hands...

['[2s,5c,4c,2c,Qs]', '2', '', '', '0.37323', '0', '2', '2', 'FOLD', '700.0', '0', '0.0', '300.0', '01', '011001', '300.0', '0.0', '0.0', '0.0']
(26, 17, 17)
4
[ 0.  0.  0.  0.  1.  0.  0.  0.  0.  0.  0.  0.  0.  0.  0.  0.  0.  0.
  0.  0.  0.  0.  0.  0.  0.  0.  0.  0.  0.  0.  0.  0.]
[ 0.  0.  0.  0.  2.  0.  0.  0.  0.  0.  0.  0.  0.  0.  0.  0.  0.  0.
  0.  0.  0.  0.  0.  0.  0.  0.  0.  0.  0.  0.  0.  0.]
Read 50000 lines

Loaded 30000 hands...

['[2s,3h,4d,8s,Jh]', '2', '', '', '0.498922', '1', '4', '4', 'call_small', '1300.0', '100.0', '13.0', '600.0', '111', '1110111', '900.0', '0.0', '300.0', '-300.0']
(26, 17, 17)
3
[ 0.  0.  0.  1.  1.  0.  0.  0.  0.  0.  0.  0.  0.  0.  0.  0.  0.  0.
  0.  0.  0.  0.  0.  0.  0.  0.  0.  0.  0.  0.  0.  0.]
[ 0.   0.   0.   1.7  2.   0.   0.   0.   0.   0.   0.   0.   0.   0.   0.
  0.   0.   0.   0.   0.   0.   0.   0.   0.   0.   0.   0.   0.   0.   0.
  0.   0. ]
Read 60000 lines

Loaded 35000 hands...

['[9c,3c,8s,5s,As]', '2', '', '', '0.331995', '0', '3', '1', 'call_small', '700.0', '100.0', '7.0', '300.0', '11', '1011', '800.0', '1600.0', '500.0', '1100.0']
(26, 17, 17)
3
[ 0.  0.  0.  1.  1.  0.  0.  0.  0.  0.  0.  0.  0.  0.  0.  0.  0.  0.
  0.  0.  0.  0.  0.  0.  0.  0.  0.  0.  0.  0.  0.  0.]
[ 0.   0.   0.   3.1  2.   0.   0.   0.   0.   0.   0.   0.   0.   0.   0.
  0.   0.   0.   0.   0.   0.   0.   0.   0.   0.   0.   0.   0.   0.   0.
  0.   0. ]
Read 70000 lines

Loaded 40000 hands...

['[Jc,Kd,6d,3d,6c]', '3', '', '', '0.38213', '1', '0', '0', 'raise_small', '500.0', '200.0', '2.5', '200.0', '11', '11', '800.0', '0.0', '600.0', '-600.0']
(26, 17, 17)
1
[ 0.  1.  0.  0.  1.  0.  0.  0.  0.  0.  0.  0.  0.  0.  0.  0.  0.  0.
  0.  0.  0.  0.  0.  0.  0.  0.  0.  0.  0.  0.  0.  0.]
[ 0.   1.4  0.   0.   2.   0.   0.   0.   0.   0.   0.   0.   0.   0.   0.
  0.   0.   0.   0.   0.   0.   0.   0.   0.   0.   0.   0.   0.   0.   0.
  0.   0. ]

Loaded 45000 hands...

['[8h,2s,Ks,Jh,Tc]', '2', '', '', '0.281279', '1', '2', '4', 'check', '600.0', '0', '0.0', '300.0', '0', '1100', '300.0', '0.0', '0.0', '0.0']
(26, 17, 17)
2
[ 0.  0.  1.  0.  1.  0.  0.  0.  0.  0.  0.  0.  0.  0.  0.  0.  0.  0.
  0.  0.  0.  0.  0.  0.  0.  0.  0.  0.  0.  0.  0.  0.]
[ 0.  0.  2.  0.  2.  0.  0.  0.  0.  0.  0.  0.  0.  0.  0.  0.  0.  0.
  0.  0.  0.  0.  0.  0.  0.  0.  0.  0.  0.  0.  0.  0.]
Read 80000 lines
count ground truth for 32 categories:
['[]_value', 8612, '18.9%']
['[0]_value', 12181, '26.7%']
['[1]_value', 8853, '19.4%']
['[2]_value', 10911, '23.9%']
['[3]_value', 5101, '11.2%']
['[4]_value', 0, '0.0%']
['[0,1]_value', 0, '0.0%']
['[0,2]_value', 0, '0.0%']
['[0,3]_value', 0, '0.0%']
['[0,4]_value', 0, '0.0%']
['[1,2]_value', 0, '0.0%']
['[1,3]_value', 0, '0.0%']
['[1,4]_value', 0, '0.0%']
['[2,3]_value', 0, '0.0%']
['[2,4]_value', 0, '0.0%']
['[3,4]_value', 0, '0.0%']
['[0,1,2]_value', 0, '0.0%']
['[0,1,3]_value', 0, '0.0%']
['[0,1,4]_value', 0, '0.0%']
['[0,2,3]_value', 0, '0.0%']
['[0,2,4]_value', 0, '0.0%']
['[0,3,4]_value', 0, '0.0%']
['[1,2,3]_value', 0, '0.0%']
['[1,2,4]_value', 0, '0.0%']
['[1,3,4]_value', 0, '0.0%']
['[2,3,4]_value', 0, '0.0%']
['[0,1,2,3]_value', 0, '0.0%']
['[0,1,2,4]_value', 0, '0.0%']
['[0,1,3,4]_value', 0, '0.0%']
['[0,2,3,4]_value', 0, '0.0%']
['[1,2,3,4]_value', 0, '0.0%']
['[0,1,2,3,4]_value', 0, '0.0%']

Read 45658 data points. Shape below:
num_examples (train) 45658
input_dimensions 26
X_train object is type <type 'numpy.ndarray'> of shape (45658, 26, 17, 17)
y_train object is type <type 'numpy.ndarray'> of shape (45658,)
z_train object is type <type 'numpy.ndarray'> of shape (45658, 32)
m_train object is type <type 'numpy.ndarray'> of shape (45658, 32)
X_valid <type 'numpy.ndarray'> (5000, 26, 17, 17)
X_test <type 'numpy.ndarray'> (0, 26, 17, 17)
X_train <type 'numpy.ndarray'> (40658, 26, 17, 17)
y_valid <type 'numpy.ndarray'> (5000,)
y_test <type 'numpy.ndarray'> (0,)
y_train <type 'numpy.ndarray'> (40658,)
z_valid <type 'numpy.ndarray'> (5000, 32)
z_test <type 'numpy.ndarray'> (0, 32)
z_train <type 'numpy.ndarray'> (40658, 32)
m_valid <type 'numpy.ndarray'> (5000, 32)
m_test <type 'numpy.ndarray'> (0, 32)
m_train <type 'numpy.ndarray'> (40658, 32)
Building model and compiling functions...
/usr/local/lib/python2.7/dist-packages/Lasagne-0.1.dev-py2.7.egg/lasagne/init.py:86: UserWarning: The uniform initializer no longer uses Glorot et al.'s approach to determine the bounds, but defaults to the range (-0.01, 0.01) instead. Please use the new GlorotUniform initializer to get the old behavior. GlorotUniform is now the default for all layers.
  warnings.warn("The uniform initializer no longer uses Glorot et al.'s "
/usr/local/lib/python2.7/dist-packages/Lasagne-0.1.dev-py2.7.egg/lasagne/layers/helper.py:69: UserWarning: get_all_layers() has been changed to return layers in topological order. The former implementation is still available as get_all_layers_old(), but will be removed before the first release of Lasagne. To ignore this warning, use `warnings.filterwarnings('ignore', '.*topo.*')`.
  warnings.warn("get_all_layers() has been changed to return layers in "
triple_draw_poker_full_output.py:359: UserWarning: layer.get_output(...) is deprecated and will be removed for the first release of Lasagne. Please use lasagne.layers.get_output(layer, ...) instead.
  pred = T.argmax(output_layer.get_output(X_batch, deterministic=True), axis=1)
building model, layer by layer...
input layer shape 100 x 26 x 17 x 17
convolution layer l_conv1. Shape (100, 24, 15, 15)
convolution layer l_conv1_1. Shape (100, 24, 13, 13)
maxPool layer l_pool1. Shape (100, 24, 7, 7)
convolution layer l_conv2. Shape (100, 48, 5, 5)
convolution layer l_conv2_2. Shape (100, 48, 3, 3)
maxPool layer l_pool2. Shape (100, 48, 2, 2)
hidden layer l_hidden1. Shape (100, 1024)
dropout layer l_hidden1_dropout. Shape (100, 1024)
final layer l_out, into 32 dimension. Shape (100, 32)
Existing model in file deuce_eventstriple_draw_conv_0.02_learn_rate_20_epoch_adaptive_24_filters_valid_border_1_num_draws_full_hand_hand_context_model.pickle. Attempt to load it!
Loaded values 12
Successfully initialized model with previous saved params!
creating iter funtions
input dataset {'X_test': <CudaNdarrayType(float32, 4D)>, 'num_examples_valid': 5000, 'X_valid': <CudaNdarrayType(float32, 4D)>, 'y_valid': Elemwise{Cast{int32}}.0, 'input_height': 17, 'input_width': 17, 'y_train': Elemwise{Cast{int32}}.0, 'm_valid': <CudaNdarrayType(float32, matrix)>, 'y_test': Elemwise{Cast{int32}}.0, 'num_examples_train': 40658, 'X_train': <CudaNdarrayType(float32, 4D)>, 'output_dim': 32, 'num_examples_test': 0, 'z_valid': <CudaNdarrayType(float32, matrix)>, 'm_test': <CudaNdarrayType(float32, matrix)>, 'z_train': <CudaNdarrayType(float32, matrix)>, 'm_train': <CudaNdarrayType(float32, matrix)>, 'z_test': <CudaNdarrayType(float32, matrix)>}
--> We are told to use 'masked' loss function. So training & validation loss will be computed on inputs with mask == 1 only
Using updates.nesterov_momentum with learning rate 0.02, momentum 0.90
Using AdaDelta adaptive learning after 20 epochs, with epsilon 0.0001, learning rate 1.00!
Starting training...
default train for epoch 1
Epoch 1 of 100 took 23.993s
  training loss:		0.01288660
  validation loss:		0.01307639
  validation accuracy:		19.78 %%
pickling model 12 param values to deuce_eventstriple_draw_conv_0.02_learn_rate_20_epoch_adaptive_24_filters_valid_border_1_num_draws_full_hand_hand_context_model.pickle
default train for epoch 2
Epoch 2 of 100 took 24.026s
  training loss:		0.01217882
  validation loss:		0.01298621
  validation accuracy:		19.32 %%
pickling model 12 param values to deuce_eventstriple_draw_conv_0.02_learn_rate_20_epoch_adaptive_24_filters_valid_border_1_num_draws_full_hand_hand_context_model.pickle
default train for epoch 3
Epoch 3 of 100 took 23.978s
  training loss:		0.01199145
  validation loss:		0.01281735
  validation accuracy:		19.08 %%
pickling model 12 param values to deuce_eventstriple_draw_conv_0.02_learn_rate_20_epoch_adaptive_24_filters_valid_border_1_num_draws_full_hand_hand_context_model.pickle
default train for epoch 4
Epoch 4 of 100 took 23.975s
  training loss:		0.01182846
  validation loss:		0.01283609
  validation accuracy:		19.22 %%
pickling model 12 param values to deuce_eventstriple_draw_conv_0.02_learn_rate_20_epoch_adaptive_24_filters_valid_border_1_num_draws_full_hand_hand_context_model.pickle
default train for epoch 5
Epoch 5 of 100 took 23.979s
  training loss:		0.01170546
  validation loss:		0.01274429
  validation accuracy:		19.16 %%
pickling model 12 param values to deuce_eventstriple_draw_conv_0.02_learn_rate_20_epoch_adaptive_24_filters_valid_border_1_num_draws_full_hand_hand_context_model.pickle
default train for epoch 6
Epoch 6 of 100 took 23.965s
  training loss:		0.01159283
  validation loss:		0.01273612
  validation accuracy:		18.92 %%
pickling model 12 param values to deuce_eventstriple_draw_conv_0.02_learn_rate_20_epoch_adaptive_24_filters_valid_border_1_num_draws_full_hand_hand_context_model.pickle
default train for epoch 7
Epoch 7 of 100 took 23.946s
  training loss:		0.01152737
  validation loss:		0.01277609
  validation accuracy:		18.80 %%
pickling model 12 param values to deuce_eventstriple_draw_conv_0.02_learn_rate_20_epoch_adaptive_24_filters_valid_border_1_num_draws_full_hand_hand_context_model.pickle
default train for epoch 8
Epoch 8 of 100 took 23.948s
  training loss:		0.01144185
  validation loss:		0.01269152
  validation accuracy:		18.90 %%
pickling model 12 param values to deuce_eventstriple_draw_conv_0.02_learn_rate_20_epoch_adaptive_24_filters_valid_border_1_num_draws_full_hand_hand_context_model.pickle
default train for epoch 9
Epoch 9 of 100 took 24.077s
  training loss:		0.01133571
  validation loss:		0.01280206
  validation accuracy:		18.82 %%
pickling model 12 param values to deuce_eventstriple_draw_conv_0.02_learn_rate_20_epoch_adaptive_24_filters_valid_border_1_num_draws_full_hand_hand_context_model.pickle
default train for epoch 10
Epoch 10 of 100 took 23.950s
  training loss:		0.01128854
  validation loss:		0.01274623
  validation accuracy:		18.50 %%
pickling model 12 param values to deuce_eventstriple_draw_conv_0.02_learn_rate_20_epoch_adaptive_24_filters_valid_border_1_num_draws_full_hand_hand_context_model.pickle
default train for epoch 11
Epoch 11 of 100 took 24.017s
  training loss:		0.01124624
  validation loss:		0.01274858
  validation accuracy:		18.68 %%
pickling model 12 param values to deuce_eventstriple_draw_conv_0.02_learn_rate_20_epoch_adaptive_24_filters_valid_border_1_num_draws_full_hand_hand_context_model.pickle
default train for epoch 12
Epoch 12 of 100 took 24.023s
  training loss:		0.01114833
  validation loss:		0.01275041
  validation accuracy:		18.66 %%
pickling model 12 param values to deuce_eventstriple_draw_conv_0.02_learn_rate_20_epoch_adaptive_24_filters_valid_border_1_num_draws_full_hand_hand_context_model.pickle
default train for epoch 13
Epoch 13 of 100 took 23.981s
  training loss:		0.01109842
  validation loss:		0.01281612
  validation accuracy:		18.66 %%
pickling model 12 param values to deuce_eventstriple_draw_conv_0.02_learn_rate_20_epoch_adaptive_24_filters_valid_border_1_num_draws_full_hand_hand_context_model.pickle
default train for epoch 14
Epoch 14 of 100 took 23.989s
  training loss:		0.01104551
  validation loss:		0.01280283
  validation accuracy:		18.40 %%
pickling model 12 param values to deuce_eventstriple_draw_conv_0.02_learn_rate_20_epoch_adaptive_24_filters_valid_border_1_num_draws_full_hand_hand_context_model.pickle
default train for epoch 15
Epoch 15 of 100 took 24.060s
  training loss:		0.01097770
  validation loss:		0.01291993
  validation accuracy:		18.50 %%
pickling model 12 param values to deuce_eventstriple_draw_conv_0.02_learn_rate_20_epoch_adaptive_24_filters_valid_border_1_num_draws_full_hand_hand_context_model.pickle
default train for epoch 16
Epoch 16 of 100 took 24.015s
  training loss:		0.01093524
  validation loss:		0.01303250
  validation accuracy:		18.06 %%
pickling model 12 param values to deuce_eventstriple_draw_conv_0.02_learn_rate_20_epoch_adaptive_24_filters_valid_border_1_num_draws_full_hand_hand_context_model.pickle
default train for epoch 17
Epoch 17 of 100 took 23.987s
  training loss:		0.01087438
  validation loss:		0.01315033
  validation accuracy:		17.80 %%
pickling model 12 param values to deuce_eventstriple_draw_conv_0.02_learn_rate_20_epoch_adaptive_24_filters_valid_border_1_num_draws_full_hand_hand_context_model.pickle
default train for epoch 18
Epoch 18 of 100 took 23.960s
  training loss:		0.01082782
  validation loss:		0.01324820
  validation accuracy:		17.66 %%
pickling model 12 param values to deuce_eventstriple_draw_conv_0.02_learn_rate_20_epoch_adaptive_24_filters_valid_border_1_num_draws_full_hand_hand_context_model.pickle
default train for epoch 19
Epoch 19 of 100 took 24.004s
  training loss:		0.01077174
  validation loss:		0.01321644
  validation accuracy:		17.82 %%
pickling model 12 param values to deuce_eventstriple_draw_conv_0.02_learn_rate_20_epoch_adaptive_24_filters_valid_border_1_num_draws_full_hand_hand_context_model.pickle
default train for epoch 20
Epoch 20 of 100 took 23.970s
  training loss:		0.01068793
  validation loss:		0.01318615
  validation accuracy:		17.78 %%
pickling model 12 param values to deuce_eventstriple_draw_conv_0.02_learn_rate_20_epoch_adaptive_24_filters_valid_border_1_num_draws_full_hand_hand_context_model.pickle
default train for epoch 21
Epoch 21 of 100 took 23.973s
  training loss:		0.01066375
  validation loss:		0.01337936
  validation accuracy:		17.80 %%
pickling model 12 param values to deuce_eventstriple_draw_conv_0.02_learn_rate_20_epoch_adaptive_24_filters_valid_border_1_num_draws_full_hand_hand_context_model.pickle
default train for epoch 22
Epoch 22 of 100 took 23.947s
  training loss:		0.01058906
  validation loss:		0.01341735
  validation accuracy:		17.38 %%
pickling model 12 param values to deuce_eventstriple_draw_conv_0.02_learn_rate_20_epoch_adaptive_24_filters_valid_border_1_num_draws_full_hand_hand_context_model.pickle
default train for epoch 23
Epoch 23 of 100 took 23.975s
  training loss:		0.01055774
  validation loss:		0.01329942
  validation accuracy:		17.74 %%
pickling model 12 param values to deuce_eventstriple_draw_conv_0.02_learn_rate_20_epoch_adaptive_24_filters_valid_border_1_num_draws_full_hand_hand_context_model.pickle
default train for epoch 24
Epoch 24 of 100 took 24.056s
  training loss:		0.01048253
  validation loss:		0.01342381
  validation accuracy:		17.28 %%
pickling model 12 param values to deuce_eventstriple_draw_conv_0.02_learn_rate_20_epoch_adaptive_24_filters_valid_border_1_num_draws_full_hand_hand_context_model.pickle
default train for epoch 25
Epoch 25 of 100 took 23.989s
  training loss:		0.01048938
  validation loss:		0.01346660
  validation accuracy:		17.38 %%
pickling model 12 param values to deuce_eventstriple_draw_conv_0.02_learn_rate_20_epoch_adaptive_24_filters_valid_border_1_num_draws_full_hand_hand_context_model.pickle
default train for epoch 26
Epoch 26 of 100 took 23.926s
  training loss:		0.01040505
  validation loss:		0.01354056
  validation accuracy:		17.50 %%
pickling model 12 param values to deuce_eventstriple_draw_conv_0.02_learn_rate_20_epoch_adaptive_24_filters_valid_border_1_num_draws_full_hand_hand_context_model.pickle
default train for epoch 27
Epoch 27 of 100 took 23.956s
  training loss:		0.01034921
  validation loss:		0.01352412
  validation accuracy:		17.36 %%
pickling model 12 param values to deuce_eventstriple_draw_conv_0.02_learn_rate_20_epoch_adaptive_24_filters_valid_border_1_num_draws_full_hand_hand_context_model.pickle
default train for epoch 28
Epoch 28 of 100 took 24.029s
  training loss:		0.01031527
  validation loss:		0.01354013
  validation accuracy:		17.04 %%
pickling model 12 param values to deuce_eventstriple_draw_conv_0.02_learn_rate_20_epoch_adaptive_24_filters_valid_border_1_num_draws_full_hand_hand_context_model.pickle
default train for epoch 29
Epoch 29 of 100 took 24.009s
  training loss:		0.01029347
  validation loss:		0.01349820
  validation accuracy:		17.62 %%
pickling model 12 param values to deuce_eventstriple_draw_conv_0.02_learn_rate_20_epoch_adaptive_24_filters_valid_border_1_num_draws_full_hand_hand_context_model.pickle
default train for epoch 30
Epoch 30 of 100 took 23.951s
  training loss:		0.01023630
  validation loss:		0.01353600
  validation accuracy:		17.28 %%
pickling model 12 param values to deuce_eventstriple_draw_conv_0.02_learn_rate_20_epoch_adaptive_24_filters_valid_border_1_num_draws_full_hand_hand_context_model.pickle
default train for epoch 31
Epoch 31 of 100 took 24.118s
  training loss:		0.01015119
  validation loss:		0.01350404
  validation accuracy:		17.52 %%
pickling model 12 param values to deuce_eventstriple_draw_conv_0.02_learn_rate_20_epoch_adaptive_24_filters_valid_border_1_num_draws_full_hand_hand_context_model.pickle
default train for epoch 32
Epoch 32 of 100 took 23.982s
  training loss:		0.01013687
  validation loss:		0.01348416
  validation accuracy:		17.66 %%
pickling model 12 param values to deuce_eventstriple_draw_conv_0.02_learn_rate_20_epoch_adaptive_24_filters_valid_border_1_num_draws_full_hand_hand_context_model.pickle
default train for epoch 33
Epoch 33 of 100 took 23.956s
  training loss:		0.01005817
  validation loss:		0.01360911
  validation accuracy:		17.80 %%
pickling model 12 param values to deuce_eventstriple_draw_conv_0.02_learn_rate_20_epoch_adaptive_24_filters_valid_border_1_num_draws_full_hand_hand_context_model.pickle
default train for epoch 34
Epoch 34 of 100 took 23.983s
  training loss:		0.01003932
  validation loss:		0.01342561
  validation accuracy:		17.72 %%
pickling model 12 param values to deuce_eventstriple_draw_conv_0.02_learn_rate_20_epoch_adaptive_24_filters_valid_border_1_num_draws_full_hand_hand_context_model.pickle
default train for epoch 35
Epoch 35 of 100 took 23.986s
  training loss:		0.01001143
  validation loss:		0.01350790
  validation accuracy:		17.56 %%
pickling model 12 param values to deuce_eventstriple_draw_conv_0.02_learn_rate_20_epoch_adaptive_24_filters_valid_border_1_num_draws_full_hand_hand_context_model.pickle
default train for epoch 36
Epoch 36 of 100 took 24.006s
  training loss:		0.00994000
  validation loss:		0.01346889
  validation accuracy:		17.36 %%
pickling model 12 param values to deuce_eventstriple_draw_conv_0.02_learn_rate_20_epoch_adaptive_24_filters_valid_border_1_num_draws_full_hand_hand_context_model.pickle
default train for epoch 37
Epoch 37 of 100 took 23.986s
  training loss:		0.00990555
  validation loss:		0.01342913
  validation accuracy:		17.80 %%
pickling model 12 param values to deuce_eventstriple_draw_conv_0.02_learn_rate_20_epoch_adaptive_24_filters_valid_border_1_num_draws_full_hand_hand_context_model.pickle
default train for epoch 38
Epoch 38 of 100 took 23.996s
  training loss:		0.00983718
  validation loss:		0.01349072
  validation accuracy:		17.70 %%
pickling model 12 param values to deuce_eventstriple_draw_conv_0.02_learn_rate_20_epoch_adaptive_24_filters_valid_border_1_num_draws_full_hand_hand_context_model.pickle
default train for epoch 39
Epoch 39 of 100 took 24.030s
  training loss:		0.00978267
  validation loss:		0.01353384
  validation accuracy:		17.54 %%
pickling model 12 param values to deuce_eventstriple_draw_conv_0.02_learn_rate_20_epoch_adaptive_24_filters_valid_border_1_num_draws_full_hand_hand_context_model.pickle
default train for epoch 40
Epoch 40 of 100 took 23.992s
  training loss:		0.00975118
  validation loss:		0.01350177
  validation accuracy:		17.50 %%
pickling model 12 param values to deuce_eventstriple_draw_conv_0.02_learn_rate_20_epoch_adaptive_24_filters_valid_border_1_num_draws_full_hand_hand_context_model.pickle
default train for epoch 41
Epoch 41 of 100 took 24.074s
  training loss:		0.00966680
  validation loss:		0.01348468
  validation accuracy:		17.62 %%
pickling model 12 param values to deuce_eventstriple_draw_conv_0.02_learn_rate_20_epoch_adaptive_24_filters_valid_border_1_num_draws_full_hand_hand_context_model.pickle
default train for epoch 42
Epoch 42 of 100 took 24.030s
  training loss:		0.00961898
  validation loss:		0.01349149
  validation accuracy:		17.74 %%
pickling model 12 param values to deuce_eventstriple_draw_conv_0.02_learn_rate_20_epoch_adaptive_24_filters_valid_border_1_num_draws_full_hand_hand_context_model.pickle
default train for epoch 43
Epoch 43 of 100 took 23.917s
  training loss:		0.00963936
  validation loss:		0.01356466
  validation accuracy:		17.44 %%
pickling model 12 param values to deuce_eventstriple_draw_conv_0.02_learn_rate_20_epoch_adaptive_24_filters_valid_border_1_num_draws_full_hand_hand_context_model.pickle
default train for epoch 44
Epoch 44 of 100 took 23.983s
  training loss:		0.00958361
  validation loss:		0.01359551
  validation accuracy:		17.44 %%
pickling model 12 param values to deuce_eventstriple_draw_conv_0.02_learn_rate_20_epoch_adaptive_24_filters_valid_border_1_num_draws_full_hand_hand_context_model.pickle
default train for epoch 45
Epoch 45 of 100 took 23.968s
  training loss:		0.00950927
  validation loss:		0.01366333
  validation accuracy:		17.66 %%
pickling model 12 param values to deuce_eventstriple_draw_conv_0.02_learn_rate_20_epoch_adaptive_24_filters_valid_border_1_num_draws_full_hand_hand_context_model.pickle
default train for epoch 46
Epoch 46 of 100 took 24.094s
  training loss:		0.00949559
  validation loss:		0.01366335
  validation accuracy:		17.20 %%
pickling model 12 param values to deuce_eventstriple_draw_conv_0.02_learn_rate_20_epoch_adaptive_24_filters_valid_border_1_num_draws_full_hand_hand_context_model.pickle
default train for epoch 47
Epoch 47 of 100 took 23.985s
  training loss:		0.00943209
  validation loss:		0.01361200
  validation accuracy:		17.84 %%
pickling model 12 param values to deuce_eventstriple_draw_conv_0.02_learn_rate_20_epoch_adaptive_24_filters_valid_border_1_num_draws_full_hand_hand_context_model.pickle
default train for epoch 48
Epoch 48 of 100 took 23.984s
  training loss:		0.00939437
  validation loss:		0.01368927
  validation accuracy:		17.52 %%
pickling model 12 param values to deuce_eventstriple_draw_conv_0.02_learn_rate_20_epoch_adaptive_24_filters_valid_border_1_num_draws_full_hand_hand_context_model.pickle
default train for epoch 49
Epoch 49 of 100 took 24.023s
  training loss:		0.00931454
  validation loss:		0.01369621
  validation accuracy:		17.34 %%
pickling model 12 param values to deuce_eventstriple_draw_conv_0.02_learn_rate_20_epoch_adaptive_24_filters_valid_border_1_num_draws_full_hand_hand_context_model.pickle
default train for epoch 50
Epoch 50 of 100 took 23.964s
  training loss:		0.00931073
  validation loss:		0.01372050
  validation accuracy:		17.46 %%
pickling model 12 param values to deuce_eventstriple_draw_conv_0.02_learn_rate_20_epoch_adaptive_24_filters_valid_border_1_num_draws_full_hand_hand_context_model.pickle
default train for epoch 51
Epoch 51 of 100 took 23.928s
  training loss:		0.00924398
  validation loss:		0.01364826
  validation accuracy:		17.10 %%
pickling model 12 param values to deuce_eventstriple_draw_conv_0.02_learn_rate_20_epoch_adaptive_24_filters_valid_border_1_num_draws_full_hand_hand_context_model.pickle
default train for epoch 52
Epoch 52 of 100 took 23.988s
  training loss:		0.00922638
  validation loss:		0.01362075
  validation accuracy:		17.24 %%
pickling model 12 param values to deuce_eventstriple_draw_conv_0.02_learn_rate_20_epoch_adaptive_24_filters_valid_border_1_num_draws_full_hand_hand_context_model.pickle
default train for epoch 53
Epoch 53 of 100 took 24.069s
  training loss:		0.00918816
  validation loss:		0.01379263
  validation accuracy:		17.42 %%
pickling model 12 param values to deuce_eventstriple_draw_conv_0.02_learn_rate_20_epoch_adaptive_24_filters_valid_border_1_num_draws_full_hand_hand_context_model.pickle
default train for epoch 54
Epoch 54 of 100 took 24.017s
  training loss:		0.00913464
  validation loss:		0.01375901
  validation accuracy:		17.22 %%
pickling model 12 param values to deuce_eventstriple_draw_conv_0.02_learn_rate_20_epoch_adaptive_24_filters_valid_border_1_num_draws_full_hand_hand_context_model.pickle
default train for epoch 55
Epoch 55 of 100 took 23.981s
  training loss:		0.00909062
  validation loss:		0.01378576
  validation accuracy:		17.26 %%
pickling model 12 param values to deuce_eventstriple_draw_conv_0.02_learn_rate_20_epoch_adaptive_24_filters_valid_border_1_num_draws_full_hand_hand_context_model.pickle
default train for epoch 56
Epoch 56 of 100 took 23.982s
  training loss:		0.00909193
  validation loss:		0.01394468
  validation accuracy:		17.34 %%
pickling model 12 param values to deuce_eventstriple_draw_conv_0.02_learn_rate_20_epoch_adaptive_24_filters_valid_border_1_num_draws_full_hand_hand_context_model.pickle
default train for epoch 57
Epoch 57 of 100 took 23.939s
  training loss:		0.00903712
  validation loss:		0.01386209
  validation accuracy:		17.30 %%
pickling model 12 param values to deuce_eventstriple_draw_conv_0.02_learn_rate_20_epoch_adaptive_24_filters_valid_border_1_num_draws_full_hand_hand_context_model.pickle
default train for epoch 58
Epoch 58 of 100 took 23.923s
  training loss:		0.00898136
  validation loss:		0.01385494
  validation accuracy:		17.04 %%
pickling model 12 param values to deuce_eventstriple_draw_conv_0.02_learn_rate_20_epoch_adaptive_24_filters_valid_border_1_num_draws_full_hand_hand_context_model.pickle
default train for epoch 59
Epoch 59 of 100 took 23.984s
  training loss:		0.00895779
  validation loss:		0.01395645
  validation accuracy:		17.52 %%
pickling model 12 param values to deuce_eventstriple_draw_conv_0.02_learn_rate_20_epoch_adaptive_24_filters_valid_border_1_num_draws_full_hand_hand_context_model.pickle
default train for epoch 60
Epoch 60 of 100 took 23.948s
  training loss:		0.00891226
  validation loss:		0.01385824
  validation accuracy:		17.58 %%
pickling model 12 param values to deuce_eventstriple_draw_conv_0.02_learn_rate_20_epoch_adaptive_24_filters_valid_border_1_num_draws_full_hand_hand_context_model.pickle
default train for epoch 61
Epoch 61 of 100 took 23.997s
  training loss:		0.00887333
  validation loss:		0.01393063
  validation accuracy:		17.02 %%
pickling model 12 param values to deuce_eventstriple_draw_conv_0.02_learn_rate_20_epoch_adaptive_24_filters_valid_border_1_num_draws_full_hand_hand_context_model.pickle
default train for epoch 62
Epoch 62 of 100 took 23.993s
  training loss:		0.00885425
  validation loss:		0.01396738
  validation accuracy:		17.18 %%
pickling model 12 param values to deuce_eventstriple_draw_conv_0.02_learn_rate_20_epoch_adaptive_24_filters_valid_border_1_num_draws_full_hand_hand_context_model.pickle
default train for epoch 63
Epoch 63 of 100 took 23.974s
  training loss:		0.00882830
  validation loss:		0.01395520
  validation accuracy:		17.44 %%
pickling model 12 param values to deuce_eventstriple_draw_conv_0.02_learn_rate_20_epoch_adaptive_24_filters_valid_border_1_num_draws_full_hand_hand_context_model.pickle
default train for epoch 64
Epoch 64 of 100 took 23.963s
  training loss:		0.00876442
  validation loss:		0.01395687
  validation accuracy:		17.16 %%
pickling model 12 param values to deuce_eventstriple_draw_conv_0.02_learn_rate_20_epoch_adaptive_24_filters_valid_border_1_num_draws_full_hand_hand_context_model.pickle
default train for epoch 65
Epoch 65 of 100 took 23.984s
  training loss:		0.00872035
  validation loss:		0.01400434
  validation accuracy:		17.14 %%
pickling model 12 param values to deuce_eventstriple_draw_conv_0.02_learn_rate_20_epoch_adaptive_24_filters_valid_border_1_num_draws_full_hand_hand_context_model.pickle
default train for epoch 66
Epoch 66 of 100 took 24.059s
  training loss:		0.00869801
  validation loss:		0.01402301
  validation accuracy:		16.88 %%
pickling model 12 param values to deuce_eventstriple_draw_conv_0.02_learn_rate_20_epoch_adaptive_24_filters_valid_border_1_num_draws_full_hand_hand_context_model.pickle
default train for epoch 67
Epoch 67 of 100 took 23.966s
  training loss:		0.00866846
  validation loss:		0.01404067
  validation accuracy:		17.18 %%
pickling model 12 param values to deuce_eventstriple_draw_conv_0.02_learn_rate_20_epoch_adaptive_24_filters_valid_border_1_num_draws_full_hand_hand_context_model.pickle
default train for epoch 68
Epoch 68 of 100 took 23.987s
  training loss:		0.00861638
  validation loss:		0.01407557
  validation accuracy:		17.46 %%
pickling model 12 param values to deuce_eventstriple_draw_conv_0.02_learn_rate_20_epoch_adaptive_24_filters_valid_border_1_num_draws_full_hand_hand_context_model.pickle
default train for epoch 69
Epoch 69 of 100 took 23.965s
  training loss:		0.00858816
  validation loss:		0.01404181
  validation accuracy:		17.56 %%
pickling model 12 param values to deuce_eventstriple_draw_conv_0.02_learn_rate_20_epoch_adaptive_24_filters_valid_border_1_num_draws_full_hand_hand_context_model.pickle
default train for epoch 70
Epoch 70 of 100 took 24.000s
  training loss:		0.00855540
  validation loss:		0.01397483
  validation accuracy:		17.42 %%
pickling model 12 param values to deuce_eventstriple_draw_conv_0.02_learn_rate_20_epoch_adaptive_24_filters_valid_border_1_num_draws_full_hand_hand_context_model.pickle
default train for epoch 71
Epoch 71 of 100 took 24.119s
  training loss:		0.00853075
  validation loss:		0.01408600
  validation accuracy:		17.78 %%
pickling model 12 param values to deuce_eventstriple_draw_conv_0.02_learn_rate_20_epoch_adaptive_24_filters_valid_border_1_num_draws_full_hand_hand_context_model.pickle
default train for epoch 72
Epoch 72 of 100 took 23.988s
  training loss:		0.00848054
  validation loss:		0.01410618
  validation accuracy:		17.62 %%
pickling model 12 param values to deuce_eventstriple_draw_conv_0.02_learn_rate_20_epoch_adaptive_24_filters_valid_border_1_num_draws_full_hand_hand_context_model.pickle
default train for epoch 73
Epoch 73 of 100 took 23.964s
  training loss:		0.00847921
  validation loss:		0.01401960
  validation accuracy:		17.72 %%
pickling model 12 param values to deuce_eventstriple_draw_conv_0.02_learn_rate_20_epoch_adaptive_24_filters_valid_border_1_num_draws_full_hand_hand_context_model.pickle
default train for epoch 74
Epoch 74 of 100 took 24.048s
  training loss:		0.00844886
  validation loss:		0.01406779
  validation accuracy:		17.54 %%
pickling model 12 param values to deuce_eventstriple_draw_conv_0.02_learn_rate_20_epoch_adaptive_24_filters_valid_border_1_num_draws_full_hand_hand_context_model.pickle
default train for epoch 75
Epoch 75 of 100 took 23.987s
  training loss:		0.00841508
  validation loss:		0.01408036
  validation accuracy:		17.66 %%
pickling model 12 param values to deuce_eventstriple_draw_conv_0.02_learn_rate_20_epoch_adaptive_24_filters_valid_border_1_num_draws_full_hand_hand_context_model.pickle
default train for epoch 76
Epoch 76 of 100 took 24.040s
  training loss:		0.00836133
  validation loss:		0.01417784
  validation accuracy:		17.68 %%
pickling model 12 param values to deuce_eventstriple_draw_conv_0.02_learn_rate_20_epoch_adaptive_24_filters_valid_border_1_num_draws_full_hand_hand_context_model.pickle
default train for epoch 77
Epoch 77 of 100 took 23.988s
  training loss:		0.00833173
  validation loss:		0.01409428
  validation accuracy:		17.30 %%
pickling model 12 param values to deuce_eventstriple_draw_conv_0.02_learn_rate_20_epoch_adaptive_24_filters_valid_border_1_num_draws_full_hand_hand_context_model.pickle
default train for epoch 78
Epoch 78 of 100 took 23.961s
  training loss:		0.00829683
  validation loss:		0.01403168
  validation accuracy:		17.76 %%
pickling model 12 param values to deuce_eventstriple_draw_conv_0.02_learn_rate_20_epoch_adaptive_24_filters_valid_border_1_num_draws_full_hand_hand_context_model.pickle
default train for epoch 79
Epoch 79 of 100 took 24.058s
  training loss:		0.00826903
  validation loss:		0.01431227
  validation accuracy:		18.04 %%
pickling model 12 param values to deuce_eventstriple_draw_conv_0.02_learn_rate_20_epoch_adaptive_24_filters_valid_border_1_num_draws_full_hand_hand_context_model.pickle
default train for epoch 80
Epoch 80 of 100 took 23.969s
  training loss:		0.00824927
  validation loss:		0.01412191
  validation accuracy:		17.64 %%
pickling model 12 param values to deuce_eventstriple_draw_conv_0.02_learn_rate_20_epoch_adaptive_24_filters_valid_border_1_num_draws_full_hand_hand_context_model.pickle
default train for epoch 81
Epoch 81 of 100 took 23.976s
  training loss:		0.00822390
  validation loss:		0.01406757
  validation accuracy:		17.60 %%
pickling model 12 param values to deuce_eventstriple_draw_conv_0.02_learn_rate_20_epoch_adaptive_24_filters_valid_border_1_num_draws_full_hand_hand_context_model.pickle
default train for epoch 82
Epoch 82 of 100 took 23.959s
  training loss:		0.00820932
  validation loss:		0.01425223
  validation accuracy:		17.68 %%
pickling model 12 param values to deuce_eventstriple_draw_conv_0.02_learn_rate_20_epoch_adaptive_24_filters_valid_border_1_num_draws_full_hand_hand_context_model.pickle
default train for epoch 83
Epoch 83 of 100 took 23.988s
  training loss:		0.00814127
  validation loss:		0.01415742
  validation accuracy:		17.32 %%
pickling model 12 param values to deuce_eventstriple_draw_conv_0.02_learn_rate_20_epoch_adaptive_24_filters_valid_border_1_num_draws_full_hand_hand_context_model.pickle
default train for epoch 84
Epoch 84 of 100 took 24.004s
  training loss:		0.00810800
  validation loss:		0.01427284
  validation accuracy:		17.44 %%
pickling model 12 param values to deuce_eventstriple_draw_conv_0.02_learn_rate_20_epoch_adaptive_24_filters_valid_border_1_num_draws_full_hand_hand_context_model.pickle
default train for epoch 85
Epoch 85 of 100 took 24.010s
  training loss:		0.00809173
  validation loss:		0.01422845
  validation accuracy:		17.48 %%
pickling model 12 param values to deuce_eventstriple_draw_conv_0.02_learn_rate_20_epoch_adaptive_24_filters_valid_border_1_num_draws_full_hand_hand_context_model.pickle
default train for epoch 86
Epoch 86 of 100 took 24.031s
  training loss:		0.00804327
  validation loss:		0.01429313
  validation accuracy:		17.32 %%
pickling model 12 param values to deuce_eventstriple_draw_conv_0.02_learn_rate_20_epoch_adaptive_24_filters_valid_border_1_num_draws_full_hand_hand_context_model.pickle
default train for epoch 87
Epoch 87 of 100 took 24.015s
  training loss:		0.00801293
  validation loss:		0.01437648
  validation accuracy:		17.42 %%
pickling model 12 param values to deuce_eventstriple_draw_conv_0.02_learn_rate_20_epoch_adaptive_24_filters_valid_border_1_num_draws_full_hand_hand_context_model.pickle
default train for epoch 88
Epoch 88 of 100 took 23.959s
  training loss:		0.00800690
  validation loss:		0.01424614
  validation accuracy:		17.50 %%
pickling model 12 param values to deuce_eventstriple_draw_conv_0.02_learn_rate_20_epoch_adaptive_24_filters_valid_border_1_num_draws_full_hand_hand_context_model.pickle
default train for epoch 89
Epoch 89 of 100 took 23.986s
  training loss:		0.00798624
  validation loss:		0.01438939
  validation accuracy:		17.62 %%
pickling model 12 param values to deuce_eventstriple_draw_conv_0.02_learn_rate_20_epoch_adaptive_24_filters_valid_border_1_num_draws_full_hand_hand_context_model.pickle
default train for epoch 90
Epoch 90 of 100 took 23.993s
  training loss:		0.00795849
  validation loss:		0.01426742
  validation accuracy:		17.72 %%
pickling model 12 param values to deuce_eventstriple_draw_conv_0.02_learn_rate_20_epoch_adaptive_24_filters_valid_border_1_num_draws_full_hand_hand_context_model.pickle
default train for epoch 91
Epoch 91 of 100 took 23.979s
  training loss:		0.00792450
  validation loss:		0.01420200
  validation accuracy:		17.54 %%
pickling model 12 param values to deuce_eventstriple_draw_conv_0.02_learn_rate_20_epoch_adaptive_24_filters_valid_border_1_num_draws_full_hand_hand_context_model.pickle
default train for epoch 92
Epoch 92 of 100 took 24.062s
  training loss:		0.00788036
  validation loss:		0.01436693
  validation accuracy:		17.94 %%
pickling model 12 param values to deuce_eventstriple_draw_conv_0.02_learn_rate_20_epoch_adaptive_24_filters_valid_border_1_num_draws_full_hand_hand_context_model.pickle
default train for epoch 93
Epoch 93 of 100 took 23.974s
  training loss:		0.00789233
  validation loss:		0.01431035
  validation accuracy:		17.96 %%
pickling model 12 param values to deuce_eventstriple_draw_conv_0.02_learn_rate_20_epoch_adaptive_24_filters_valid_border_1_num_draws_full_hand_hand_context_model.pickle
default train for epoch 94
Epoch 94 of 100 took 24.056s
  training loss:		0.00781305
  validation loss:		0.01448090
  validation accuracy:		17.50 %%
pickling model 12 param values to deuce_eventstriple_draw_conv_0.02_learn_rate_20_epoch_adaptive_24_filters_valid_border_1_num_draws_full_hand_hand_context_model.pickle
default train for epoch 95
Epoch 95 of 100 took 23.968s
  training loss:		0.00778388
  validation loss:		0.01446534
  validation accuracy:		17.90 %%
pickling model 12 param values to deuce_eventstriple_draw_conv_0.02_learn_rate_20_epoch_adaptive_24_filters_valid_border_1_num_draws_full_hand_hand_context_model.pickle
default train for epoch 96
Epoch 96 of 100 took 23.936s
  training loss:		0.00775841
  validation loss:		0.01443111
  validation accuracy:		18.16 %%
pickling model 12 param values to deuce_eventstriple_draw_conv_0.02_learn_rate_20_epoch_adaptive_24_filters_valid_border_1_num_draws_full_hand_hand_context_model.pickle
default train for epoch 97
Epoch 97 of 100 took 23.996s
  training loss:		0.00774932
  validation loss:		0.01445308
  validation accuracy:		18.22 %%
pickling model 12 param values to deuce_eventstriple_draw_conv_0.02_learn_rate_20_epoch_adaptive_24_filters_valid_border_1_num_draws_full_hand_hand_context_model.pickle
default train for epoch 98
Epoch 98 of 100 took 23.988s
  training loss:		0.00775238
  validation loss:		0.01456875
  validation accuracy:		18.20 %%
pickling model 12 param values to deuce_eventstriple_draw_conv_0.02_learn_rate_20_epoch_adaptive_24_filters_valid_border_1_num_draws_full_hand_hand_context_model.pickle
default train for epoch 99
Epoch 99 of 100 took 23.965s
  training loss:		0.00770938
  validation loss:		0.01455650
  validation accuracy:		17.92 %%
pickling model 12 param values to deuce_eventstriple_draw_conv_0.02_learn_rate_20_epoch_adaptive_24_filters_valid_border_1_num_draws_full_hand_hand_context_model.pickle
default train for epoch 100
triple_draw_poker_full_output.py:460: UserWarning: layer.get_output(...) is deprecated and will be removed for the first release of Lasagne. Please use lasagne.layers.get_output(layer, ...) instead.
  pred_all = output_layer.get_output(lasagne.utils.floatX(test_batch), deterministic=True)
Epoch 100 of 100 took 23.973s
  training loss:		0.00766185
  validation loss:		0.01451186
  validation accuracy:		17.92 %%
pickling model 12 param values to deuce_eventstriple_draw_conv_0.02_learn_rate_20_epoch_adaptive_24_filters_valid_border_1_num_draws_full_hand_hand_context_model.pickle
looking at some test cases: [['3h,3s,3d,5c,6d', 3], ['2h,3s,4d,6c,5s', 1], ['3s,2h,4d,8c,5s', 0], ['3h,3s,3d,5c,6d', 0], ['2h,3s,4d,6c,5s', 2], ['3s,2h,4d,8c,5s', 3], ['As,Ad,4d,3s,2c', 1], ['As,Ks,Qs,Js,Ts', 2], ['3h,4s,3d,5c,6d', 2], ['8s,Ad,Kd,8c,Jd', 3], ['8s,Ad,2d,7c,Jd', 2], ['2d,7d,8d,9d,4d', 1], ['7c,8c,Tc,Js,Qh', 3], ['2c,8s,5h,8d,2s', 2], ['[8s,9c,8c,Kd,7h]', 2], ['[Qh,3h,6c,5s,4s]', 1], ['[Jh,Td,9s,Ks,5s]', 1], ['[6c,4d,Ts,Jc,6s]', 3], ['[4h,8h,2c,7d,3h]', 2], ['[2c,Ac,Tc,6d,3d]', 1], ['[Ad,3c,Tc,4d,5d]', 1], ['3d,Jc,7d,Ac,6s', 2], ['7h,Kc,5s,2d,Tc', 3], ['5c,6h,Jc,7h,2d', 1], ['Ts,As,3s,2d,4h', 3]]
Computing predictions on test_batch: <type 'numpy.ndarray'> (100, 26, 17, 17)
Prediciton: Subtensor{:int64:, :int64:}.0
[[ 2.09760666  1.99691081  2.09288001  2.02742743  1.99617577]
 [ 4.13397121  4.85204554  3.7665832   4.88094473  1.99520278]
 [ 4.67592287  5.47302103  4.30320883  5.61885929  1.99778283]
 [ 2.26258731  2.27549171  2.19672418  2.24876571  1.99680722]
 [ 3.46883464  3.93097925  3.23331928  3.89175367  1.99958956]
 [ 2.90001106  3.0731442   2.81176376  3.05193877  2.00784159]
 [ 1.85300934  1.74803865  1.88886356  1.76828194  1.99653006]
 [ 1.94633126  1.80832696  1.94259167  1.78063333  1.99798274]
 [ 1.91843665  1.85287929  1.96769774  1.8601141   1.9800446 ]
 [ 2.09995365  1.99799371  2.06805515  2.00420642  2.00215745]
 [ 2.07790899  1.95556259  2.08169842  1.96499181  2.00597906]
 [ 3.53373981  3.8023777   3.38691473  3.87206078  1.99984038]
 [ 2.21080899  2.11127877  2.1819725   2.04036832  1.99989462]
 [ 2.23394299  2.23376465  2.19630837  2.24044991  2.00681233]
 [ 1.99387658  1.8636111   1.98187745  1.89019656  1.99929142]
 [ 1.79323077  1.75453532  1.88716221  1.74992561  1.99730456]
 [ 1.97683883  1.78139067  2.01046777  1.83328462  1.98573184]]
Maximums argmax
[0 3 3 1 1 1 4 4 4 0 2 3 0 3 4 4 2]
['bet', 'call', 'call', 'raise', 'raise', 'raise', 'fold', 'fold', 'fold', 'bet', 'check', 'call', 'bet', 'call', 'fold', 'fold', 'check']
again, the test cases: 
[['3h,3s,3d,5c,6d', 3], ['2h,3s,4d,6c,5s', 1], ['3s,2h,4d,8c,5s', 0], ['3h,3s,3d,5c,6d', 0], ['2h,3s,4d,6c,5s', 2], ['3s,2h,4d,8c,5s', 3], ['As,Ad,4d,3s,2c', 1], ['As,Ks,Qs,Js,Ts', 2], ['3h,4s,3d,5c,6d', 2], ['8s,Ad,Kd,8c,Jd', 3], ['8s,Ad,2d,7c,Jd', 2], ['2d,7d,8d,9d,4d', 1], ['7c,8c,Tc,Js,Qh', 3], ['2c,8s,5h,8d,2s', 2], ['[8s,9c,8c,Kd,7h]', 2], ['[Qh,3h,6c,5s,4s]', 1], ['[Jh,Td,9s,Ks,5s]', 1], ['[6c,4d,Ts,Jc,6s]', 3], ['[4h,8h,2c,7d,3h]', 2], ['[2c,Ac,Tc,6d,3d]', 1], ['[Ad,3c,Tc,4d,5d]', 1], ['3d,Jc,7d,Ac,6s', 2], ['7h,Kc,5s,2d,Tc', 3], ['5c,6h,Jc,7h,2d', 1], ['Ts,As,3s,2d,4h', 3], ['2h,3s,4d,6c,5s', 1], ['2h,3s,4d,6c,5s', 1], ['2h,3s,4d,6c,5s', 1], ['2h,3s,4d,6c,5s', 1], ['2h,3s,4d,6c,5s', 1], ['2h,3s,4d,6c,5s', 1], ['2h,3s,4d,6c,5s', 1], ['2h,3s,4d,6c,5s', 1], ['2h,3s,4d,6c,5s', 1], ['2h,3s,4d,6c,5s', 1], ['2h,3s,4d,6c,5s', 1], ['2h,3s,4d,6c,5s', 1], ['2h,3s,4d,6c,5s', 1], ['2h,3s,4d,6c,5s', 1], ['2h,3s,4d,6c,5s', 1], ['2h,3s,4d,6c,5s', 1], ['2h,3s,4d,6c,5s', 1], ['2h,3s,4d,6c,5s', 1], ['2h,3s,4d,6c,5s', 1], ['2h,3s,4d,6c,5s', 1], ['2h,3s,4d,6c,5s', 1], ['2h,3s,4d,6c,5s', 1], ['2h,3s,4d,6c,5s', 1], ['2h,3s,4d,6c,5s', 1], ['2h,3s,4d,6c,5s', 1], ['2h,3s,4d,6c,5s', 1], ['2h,3s,4d,6c,5s', 1], ['2h,3s,4d,6c,5s', 1], ['2h,3s,4d,6c,5s', 1], ['2h,3s,4d,6c,5s', 1], ['2h,3s,4d,6c,5s', 1], ['2h,3s,4d,6c,5s', 1], ['2h,3s,4d,6c,5s', 1], ['2h,3s,4d,6c,5s', 1], ['2h,3s,4d,6c,5s', 1], ['2h,3s,4d,6c,5s', 1], ['2h,3s,4d,6c,5s', 1], ['2h,3s,4d,6c,5s', 1], ['2h,3s,4d,6c,5s', 1], ['2h,3s,4d,6c,5s', 1], ['2h,3s,4d,6c,5s', 1], ['2h,3s,4d,6c,5s', 1], ['2h,3s,4d,6c,5s', 1], ['2h,3s,4d,6c,5s', 1], ['2h,3s,4d,6c,5s', 1], ['2h,3s,4d,6c,5s', 1], ['2h,3s,4d,6c,5s', 1], ['2h,3s,4d,6c,5s', 1], ['2h,3s,4d,6c,5s', 1], ['2h,3s,4d,6c,5s', 1], ['2h,3s,4d,6c,5s', 1], ['2h,3s,4d,6c,5s', 1], ['2h,3s,4d,6c,5s', 1], ['2h,3s,4d,6c,5s', 1], ['2h,3s,4d,6c,5s', 1], ['2h,3s,4d,6c,5s', 1], ['2h,3s,4d,6c,5s', 1], ['2h,3s,4d,6c,5s', 1], ['2h,3s,4d,6c,5s', 1], ['2h,3s,4d,6c,5s', 1], ['2h,3s,4d,6c,5s', 1], ['2h,3s,4d,6c,5s', 1], ['2h,3s,4d,6c,5s', 1], ['2h,3s,4d,6c,5s', 1], ['2h,3s,4d,6c,5s', 1], ['2h,3s,4d,6c,5s', 1], ['2h,3s,4d,6c,5s', 1], ['2h,3s,4d,6c,5s', 1], ['2h,3s,4d,6c,5s', 1], ['2h,3s,4d,6c,5s', 1], ['2h,3s,4d,6c,5s', 1], ['2h,3s,4d,6c,5s', 1], ['2h,3s,4d,6c,5s', 1], ['2h,3s,4d,6c,5s', 1], ['2h,3s,4d,6c,5s', 1]]
